<?xml version="1.0" encoding="utf-8"?><testsuites name="pytest tests"><testsuite name="pytest" errors="0" failures="9" skipped="0" tests="957" time="45.879" timestamp="2026-08-24T18:21:05.900852-04:00" hostname="ip-192-168-1-93.us-west-1.compute.internal"><testcase classname="deployment.jetson.tests.test_advisory" name="test_nominal_decode_matches_sim_wrapper" time="0.001" /><testcase classname="deployment.jetson.tests.test_advisory" name="test_slow_decode_floors_at_contextual_minimum" time="0.000" /><testcase classname="deployment.jetson.tests.test_advisory" name="test_headway_and_texts" time="0.000" /><testcase classname="deployment.jetson.tests.test_advisory" name="test_confidence_labels[0.3-low]" time="0.000" /><testcase classname="deployment.jetson.tests.test_advisory" name="test_confidence_labels[0.55-medium]" time="0.000" /><testcase classname="deployment.jetson.tests.test_advisory" name="test_confidence_labels[0.69-medium]" time="0.000" /><testcase classname="deployment.jetson.tests.test_advisory" name="test_confidence_labels[0.95-high]" time="0.000" /><testcase classname="deployment.jetson.tests.test_advisory" name="test_units_kmh" time="0.000" /><testcase classname="deployment.jetson.tests.test_camera_recovery" name="test_mid_file_poison_recovers_and_reaches_end" time="0.000" /><testcase classname="deployment.jetson.tests.test_camera_recovery" name="test_clean_end_of_file_does_not_recover" time="0.000" /><testcase classname="deployment.jetson.tests.test_camera_recovery" name="test_unrecoverable_region_exhausts_bounded_retries" time="0.000" /><testcase classname="deployment.jetson.tests.test_distance" name="test_ground_plane_inverts_projection[10.0]" time="0.000" /><testcase classname="deployment.jetson.tests.test_distance" name="test_ground_plane_inverts_projection[25.0]" time="0.000" /><testcase classname="deployment.jetson.tests.test_distance" name="test_ground_plane_inverts_projection[60.0]" time="0.000" /><testcase classname="deployment.jetson.tests.test_distance" name="test_ground_plane_inverts_projection[100.0]" time="0.000" /><testcase classname="deployment.jetson.tests.test_distance" name="test_width_prior_inverts_projection[10.0]" time="0.000" /><testcase classname="deployment.jetson.tests.test_distance" name="test_width_prior_inverts_projection[25.0]" time="0.000" /><testcase classname="deployment.jetson.tests.test_distance" name="test_width_prior_inverts_projection[60.0]" time="0.000" /><testcase classname="deployment.jetson.tests.test_distance" name="test_lateral_offset_recovered" time="0.000" /><testcase classname="deployment.jetson.tests.test_distance" name="test_relative_speed_slope" time="0.000" /><testcase classname="deployment.jetson.tests.test_distance" name="test_rel_speed_invalid_until_window_spans" time="0.000" /><testcase classname="deployment.jetson.tests.test_distance" name="test_ema_smooths_jumps" time="0.000" /><testcase classname="deployment.jetson.tests.test_distance" name="test_above_horizon_falls_back_to_width_prior" time="0.000" /><testcase classname="deployment.jetson.tests.test_distance" name="test_contact_cutoff_switches_to_width_prior" time="0.000" /><testcase classname="deployment.jetson.tests.test_eval_run" name="test_healthy_run_passes_all_gates" time="0.004" /><testcase classname="deployment.jetson.tests.test_eval_run" name="test_latency_gate_fails_on_slow_run" time="0.003" /><testcase classname="deployment.jetson.tests.test_eval_run" name="test_speed_rmse_gate_catches_unit_bug" time="0.002" /><testcase classname="deployment.jetson.tests.test_eval_run" name="test_scripted_dropout_does_not_fail_freshness_gate" time="0.003" /><testcase classname="deployment.jetson.tests.test_eval_run" name="test_no_gps_run_marks_gps_gates_not_applicable" time="0.002" /><testcase classname="deployment.jetson.tests.test_eval_run" name="test_empty_traffic_fails_perception_gate" time="0.002" /><testcase classname="deployment.jetson.tests.test_eval_run" name="test_the_gate_is_on_the_jetson_segment_not_end_to_end" time="0.003" /><testcase classname="deployment.jetson.tests.test_eval_run" name="test_a_slow_jetson_fails_the_gate_even_behind_a_fast_link" time="0.003" /><testcase classname="deployment.jetson.tests.test_eval_run" name="test_a_pre_split_run_says_the_gated_number_was_substituted" time="0.003" /><testcase classname="deployment.jetson.tests.test_eval_run" name="test_the_link_segment_reports_its_count_and_its_negatives" time="0.003" /><testcase classname="deployment.jetson.tests.test_gps_sim" name="test_const_spec_dead_reckons_east" time="0.000" /><testcase classname="deployment.jetson.tests.test_gps_sim" name="test_piecewise_interpolation_and_hold_past_end" time="0.000" /><testcase classname="deployment.jetson.tests.test_gps_sim" name="test_loop_carries_position_across_cycles" time="0.000" /><testcase classname="deployment.jetson.tests.test_gps_sim" name="test_dropouts_and_cold_start_suppress_fixes" time="0.000" /><testcase classname="deployment.jetson.tests.test_gps_sim" name="test_noise_is_seeded_per_emission" time="0.000" /><testcase classname="deployment.jetson.tests.test_gps_sim" name="test_fix_fields_are_plausible" time="0.000" /><testcase classname="deployment.jetson.tests.test_gps_sim" name="test_profile_roundtrip_through_to_dict" time="0.000" /><testcase classname="deployment.jetson.tests.test_gps_sim" name="test_from_spec_reads_json_file" time="0.000" /><testcase classname="deployment.jetson.tests.test_gps_sim" name="test_threaded_publisher_emits_at_rate" time="1.053" /><testcase classname="deployment.jetson.tests.test_loopback_pipeline" name="test_a_healthy_run_passes" time="0.001" /><testcase classname="deployment.jetson.tests.test_loopback_pipeline" name="test_a_conversion_wrong_by_more_than_its_bound_fails[900.0]" time="0.001" /><testcase classname="deployment.jetson.tests.test_loopback_pipeline" name="test_a_conversion_wrong_by_more_than_its_bound_fails[-900.0]" time="0.001" /><testcase classname="deployment.jetson.tests.test_loopback_pipeline" name="test_a_conversion_wrong_by_more_than_its_bound_fails[50.0]" time="0.001" /><testcase classname="deployment.jetson.tests.test_loopback_pipeline" name="test_a_conversion_wrong_by_more_than_its_bound_fails[-50.0]" time="0.001" /><testcase classname="deployment.jetson.tests.test_loopback_pipeline" name="test_a_negative_link_segment_fails_on_its_sign_not_its_size" time="0.001" /><testcase classname="deployment.jetson.tests.test_loopback_pipeline" name="test_a_minority_of_wrong_conversions_is_not_hidden_behind_a_percentile" time="0.001" /><testcase classname="deployment.jetson.tests.test_loopback_pipeline" name="test_a_run_that_fell_back_after_converging_fails" time="0.001" /><testcase classname="deployment.jetson.tests.test_loopback_pipeline" name="test_a_healthy_short_run_is_not_failed_for_its_convergence_prefix" time="0.001" /><testcase classname="deployment.jetson.tests.test_loopback_pipeline" name="test_a_converted_tick_that_is_not_fresh_fails" time="0.001" /><testcase classname="deployment.jetson.tests.test_loopback_pipeline" name="test_a_run_with_no_ticks_fails" time="0.000" /><testcase classname="deployment.jetson.tests.test_loopback_pipeline" name="test_the_ceiling_never_drops_below_its_floor" time="0.001" /><testcase classname="deployment.jetson.tests.test_loopback_pipeline" name="test_the_account_closes_and_still_names_what_was_lost" time="0.000" /><testcase classname="deployment.jetson.tests.test_loopback_pipeline" name="test_a_record_that_arrived_and_was_never_delivered_is_a_gap" time="0.001" /><testcase classname="deployment.jetson.tests.test_loopback_pipeline" name="test_frames_still_in_flight_do_not_break_the_identity" time="0.000" /><testcase classname="deployment.jetson.tests.test_loopback_pipeline" name="test_the_outbound_identity_can_actually_fail" time="0.000" /><testcase classname="deployment.jetson.tests.test_loopback_pipeline" name="test_a_malformed_message_is_caught_by_the_router_not_by_delivered" time="0.000" /><testcase classname="deployment.jetson.tests.test_loopback_pipeline" name="test_records_still_in_the_inbound_queue_do_not_break_the_identity" time="0.000" /><testcase classname="deployment.jetson.tests.test_loopback_pipeline" name="test_a_long_proxy_prefix_fails_even_if_everything_after_it_converted" time="0.001" /><testcase classname="deployment.jetson.tests.test_loopback_pipeline" name="test_a_short_proxy_prefix_still_passes" time="0.000" /><testcase classname="deployment.jetson.tests.test_loopback_pipeline" name="test_one_converted_tick_at_the_very_end_fails" time="0.001" /><testcase classname="deployment.jetson.tests.test_loopback_pipeline" name="test_the_convergence_boundary_is_compared_on_equal_rounding" time="0.000" /><testcase classname="deployment.jetson.tests.test_loopback_pipeline" name="test_intermittent_fallback_after_convergence_fails_at_the_stated_threshold" time="0.001" /><testcase classname="deployment.jetson.tests.test_loopback_pipeline" name="test_the_denominator_excludes_the_convergence_prefix" time="0.000" /><testcase classname="deployment.jetson.tests.test_observation_builder" name="test_empty_scene_uses_spec_neutral_fallbacks" time="0.001" /><testcase classname="deployment.jetson.tests.test_observation_builder" name="test_leader_selection_and_lane_split" time="0.001" /><testcase classname="deployment.jetson.tests.test_observation_builder" name="test_density_and_bins_use_sim_formula" time="0.000" /><testcase classname="deployment.jetson.tests.test_observation_builder" name="test_queue_estimate_counts_slow_vehicles" time="0.000" /><testcase classname="deployment.jetson.tests.test_observation_builder" name="test_gps_speed_hold_on_staleness" time="0.000" /><testcase classname="deployment.jetson.tests.test_observation_builder" name="test_peers_populate_cooperation_fields" time="0.000" /><testcase classname="deployment.jetson.tests.test_observation_builder" name="test_uncongested_low_speed_flag_mirrors_etiquette" time="0.000" /><testcase classname="deployment.jetson.tests.test_observation_builder" name="test_target_headway_feedback" time="0.000" /><testcase classname="deployment.jetson.tests.test_phone_source" name="test_a_planted_capture_stamp_converts_to_an_exact_local_value" time="0.001" /><testcase classname="deployment.jetson.tests.test_phone_source" name="test_the_converted_value_is_seconds_not_nanoseconds" time="0.001" /><testcase classname="deployment.jetson.tests.test_phone_source" name="test_conversion_preserves_the_spacing_between_captures" time="0.001" /><testcase classname="deployment.jetson.tests.test_phone_source" name="test_the_adapter_converts_incoming_stamps_not_outgoing_ones" time="0.001" /><testcase classname="deployment.jetson.tests.test_phone_source" name="test_before_convergence_the_arrival_stamp_is_used_and_marked" time="0.000" /><testcase classname="deployment.jetson.tests.test_phone_source" name="test_the_proxy_lifts_once_the_estimator_converges" time="0.000" /><testcase classname="deployment.jetson.tests.test_phone_source" name="test_the_proxy_records_why_rather_than_only_that" time="0.000" /><testcase classname="deployment.jetson.tests.test_phone_source" name="test_an_unconverted_phone_fix_is_never_fresh_either_way_round[jetson-booted-later]" time="0.000" /><testcase classname="deployment.jetson.tests.test_phone_source" name="test_an_unconverted_phone_fix_is_never_fresh_either_way_round[phone-booted-later]" time="0.000" /><testcase classname="deployment.jetson.tests.test_phone_source" name="test_the_same_fix_converted_is_fresh" time="0.001" /><testcase classname="deployment.jetson.tests.test_phone_source" name="test_provenance_distinguishes_converted_from_proxied_from_absent" time="0.000" /><testcase classname="deployment.jetson.tests.test_phone_source" name="test_a_missing_stamp_fails_towards_stale" time="0.000" /><testcase classname="deployment.jetson.tests.test_phone_source" name="test_a_frame_crosses_the_transport_and_arrives_on_the_local_clock" time="0.008" /><testcase classname="deployment.jetson.tests.test_phone_source" name="test_a_fix_crosses_and_its_nulls_become_nans" time="0.015" /><testcase classname="deployment.jetson.tests.test_phone_source" name="test_an_undecodable_frame_costs_one_frame_not_the_stream" time="0.020" /><testcase classname="deployment.jetson.tests.test_phone_source" name="test_or_nan_maps_the_transports_null_to_the_pipelines_nan" time="0.000" /><testcase classname="deployment.jetson.tests.test_phone_source" name="test_a_stamp_from_the_future_is_not_fresh" time="0.000" /><testcase classname="deployment.jetson.tests.test_phone_source" name="test_a_small_negative_age_is_ordinary_and_a_large_one_is_not" time="0.000" /><testcase classname="deployment.jetson.tests.test_phone_source" name="test_the_arrival_stamp_comes_from_the_transport_not_from_a_local_read" time="0.007" /><testcase classname="deployment.jetson.tests.test_phone_source" name="test_a_local_frame_reports_no_link_segment" time="0.044" /><testcase classname="deployment.jetson.tests.test_phone_source" name="test_jetson_ms_is_measured_from_arrival_not_from_capture" time="0.015" /><testcase classname="deployment.jetson.tests.test_phone_source" name="test_a_fix_arrives_on_the_local_clock_with_an_exact_value" time="0.020" /><testcase classname="deployment.jetson.tests.test_phone_source" name="test_the_tick_record_carries_the_timebase_it_used" time="0.012" /><testcase classname="deployment.jetson.tests.test_phone_source" name="test_a_proxied_stamp_does_not_claim_to_have_been_converted" time="0.000" /><testcase classname="deployment.jetson.tests.test_phone_source" name="test_the_observation_diagnostics_carry_the_timebase_too" time="0.000" /><testcase classname="deployment.jetson.tests.test_phone_source" name="test_a_frame_is_delivered_once_and_drops_are_counted" time="0.318" /><testcase classname="deployment.jetson.tests.test_phone_source" name="test_the_reader_surfaces_a_failure_instead_of_looking_healthy" time="0.014" /><testcase classname="deployment.jetson.tests.test_phone_source" name="test_is_stale_refuses_a_fix_from_the_future" time="0.001" /><testcase classname="deployment.jetson.tests.test_phone_source" name="test_the_future_allowance_is_the_stamps_own_bound" time="0.001" /><testcase classname="deployment.jetson.tests.test_phone_source" name="test_a_bound_too_wide_to_decide_is_refused_not_indulged" time="0.001" /><testcase classname="deployment.jetson.tests.test_phone_source" name="test_the_bound_is_charged_on_the_past_side_too" time="0.000" /><testcase classname="deployment.jetson.tests.test_phone_source" name="test_the_camera_can_be_restarted_after_a_stop" time="0.014" /><testcase classname="deployment.jetson.tests.test_phone_source" name="test_a_clean_stop_ends_the_stream_so_a_consumer_can_terminate" time="0.007" /><testcase classname="deployment.jetson.tests.test_phone_source" name="test_reader_alive_accounts_for_a_recorded_failure" time="0.012" /><testcase classname="deployment.jetson.tests.test_phone_source" name="test_a_zero_tick_run_can_still_print_its_summary" time="0.002" /><testcase classname="deployment.jetson.tests.test_pipeline_smoke" name="test_pipeline_produces_aligned_observation_and_advisory" time="0.024" /><testcase classname="deployment.jetson.tests.test_pipeline_smoke" name="test_headway_feedback_loop" time="0.005" /><testcase classname="deployment.jetson.tests.test_pipeline_smoke" name="test_tick_record_is_json_serializable" time="0.005" /><testcase classname="deployment.jetson.tests.test_pipeline_smoke" name="test_stage_timings_recorded" time="0.004" /><testcase classname="deployment.jetson.tests.test_sim_contract" name="test_field_lists_match_sim" time="0.000" /><testcase classname="deployment.jetson.tests.test_sim_contract" name="test_field_scales_match_sim" time="0.000" /><testcase classname="deployment.jetson.tests.test_sim_contract" name="test_encoding_matches_sim[0]" time="0.003" /><testcase classname="deployment.jetson.tests.test_sim_contract" name="test_encoding_matches_sim[1]" time="0.000" /><testcase classname="deployment.jetson.tests.test_sim_contract" name="test_encoding_matches_sim[2]" time="0.000" /><testcase classname="deployment.jetson.tests.test_sim_contract" name="test_encoding_matches_sim[3]" time="0.000" /><testcase classname="deployment.jetson.tests.test_sim_contract" name="test_encoding_matches_sim[4]" time="0.000" /><testcase classname="deployment.jetson.tests.test_sim_contract" name="test_encoding_matches_sim[5]" time="0.000" /><testcase classname="deployment.jetson.tests.test_sim_contract" name="test_encoding_matches_sim[6]" time="0.000" /><testcase classname="deployment.jetson.tests.test_sim_contract" name="test_encoding_matches_sim[7]" time="0.000" /><testcase classname="deployment.jetson.tests.test_sim_contract" name="test_encoding_matches_sim[8]" time="0.000" /><testcase classname="deployment.jetson.tests.test_sim_contract" name="test_encoding_matches_sim[9]" time="0.000" /><testcase classname="deployment.jetson.tests.test_sim_contract" name="test_encoding_matches_sim[10]" time="0.000" /><testcase classname="deployment.jetson.tests.test_sim_contract" name="test_encoding_matches_sim[11]" time="0.000" /><testcase classname="deployment.jetson.tests.test_sim_contract" name="test_action_constants_match_sim" time="0.000" /><testcase classname="deployment.jetson.tests.test_sim_contract" name="test_decoders_match_sim_wrappers" time="0.000" /><testcase classname="deployment.jetson.tests.test_sim_contract" name="test_actor_state_dict_layout_matches_sim" time="0.001" /><testcase classname="deployment.jetson.tests.test_sim_contract" name="test_inf_encoding_known_values" time="0.000" /><testcase classname="deployment.jetson.tests.test_tracker" name="test_track_id_stable_across_frames" time="0.000" /><testcase classname="deployment.jetson.tests.test_tracker" name="test_two_vehicles_get_distinct_ids" time="0.000" /><testcase classname="deployment.jetson.tests.test_tracker" name="test_track_dropped_after_max_age" time="0.000" /><testcase classname="deployment.jetson.tests.test_tracker" name="test_missed_track_not_reported_but_kept" time="0.000" /><testcase classname="deployment.jetson.tests.test_tracker" name="test_velocity_prediction_carries_fast_mover" time="0.000" /><testcase classname="deployment.jetson.tests.test_transport_acceptor_contract" name="test_a_waiting_connection_is_accepted[loopback]" time="0.000" /><testcase classname="deployment.jetson.tests.test_transport_acceptor_contract" name="test_a_waiting_connection_is_accepted[tcp]" time="0.001" /><testcase classname="deployment.jetson.tests.test_transport_acceptor_contract" name="test_accept_returns_none_on_timeout_with_nothing_waiting[loopback]" time="0.154" /><testcase classname="deployment.jetson.tests.test_transport_acceptor_contract" name="test_accept_returns_none_on_timeout_with_nothing_waiting[tcp]" time="0.152" /><testcase classname="deployment.jetson.tests.test_transport_acceptor_contract" name="test_a_zero_timeout_polls_rather_than_declining[loopback]" time="0.001" /><testcase classname="deployment.jetson.tests.test_transport_acceptor_contract" name="test_a_zero_timeout_polls_rather_than_declining[tcp]" time="0.002" /><testcase classname="deployment.jetson.tests.test_transport_acceptor_contract" name="test_a_zero_timeout_returns_none_when_nothing_is_waiting[loopback]" time="0.001" /><testcase classname="deployment.jetson.tests.test_transport_acceptor_contract" name="test_a_zero_timeout_returns_none_when_nothing_is_waiting[tcp]" time="0.001" /><testcase classname="deployment.jetson.tests.test_transport_acceptor_contract" name="test_accept_after_close_raises[loopback]" time="0.001" /><testcase classname="deployment.jetson.tests.test_transport_acceptor_contract" name="test_accept_after_close_raises[tcp]" time="0.000" /><testcase classname="deployment.jetson.tests.test_transport_acceptor_contract" name="test_close_is_idempotent[loopback]" time="0.000" /><testcase classname="deployment.jetson.tests.test_transport_acceptor_contract" name="test_close_is_idempotent[tcp]" time="0.001" /><testcase classname="deployment.jetson.tests.test_transport_acceptor_contract" name="test_close_releases_a_waiting_accept[loopback]" time="0.104" /><testcase classname="deployment.jetson.tests.test_transport_acceptor_contract" name="test_close_releases_a_waiting_accept[tcp]" time="0.154" /><testcase classname="deployment.jetson.tests.test_transport_acceptor_contract" name="test_connections_are_accepted_in_order[loopback]" time="0.001" /><testcase classname="deployment.jetson.tests.test_transport_acceptor_contract" name="test_connections_are_accepted_in_order[tcp]" time="0.002" /><testcase classname="deployment.jetson.tests.test_transport_acceptor_contract" name="test_an_accepted_connection_satisfies_the_byte_connection_contract[loopback]" time="0.001" /><testcase classname="deployment.jetson.tests.test_transport_acceptor_contract" name="test_an_accepted_connection_satisfies_the_byte_connection_contract[tcp]" time="0.001" /><testcase classname="deployment.jetson.tests.test_transport_backend_contract" name="test_peer_is_a_non_empty_label[loopback]" time="0.001" /><testcase classname="deployment.jetson.tests.test_transport_backend_contract" name="test_peer_is_a_non_empty_label[tcp]" time="0.001" /><testcase classname="deployment.jetson.tests.test_transport_backend_contract" name="test_bytes_flow_in_both_directions[loopback]" time="0.001" /><testcase classname="deployment.jetson.tests.test_transport_backend_contract" name="test_bytes_flow_in_both_directions[tcp]" time="0.001" /><testcase classname="deployment.jetson.tests.test_transport_backend_contract" name="test_a_zero_length_read_is_empty_and_does_not_block[loopback]" time="0.001" /><testcase classname="deployment.jetson.tests.test_transport_backend_contract" name="test_a_zero_length_read_is_empty_and_does_not_block[tcp]" time="0.001" /><testcase classname="deployment.jetson.tests.test_transport_backend_contract" name="test_reads_reassemble_across_separate_writes[loopback]" time="0.000" /><testcase classname="deployment.jetson.tests.test_transport_backend_contract" name="test_reads_reassemble_across_separate_writes[tcp]" time="0.001" /><testcase classname="deployment.jetson.tests.test_transport_backend_contract" name="test_a_large_payload_transfers_intact[loopback]" time="0.004" /><testcase classname="deployment.jetson.tests.test_transport_backend_contract" name="test_a_large_payload_transfers_intact[tcp]" time="0.005" /><testcase classname="deployment.jetson.tests.test_transport_backend_contract" name="test_recv_raises_at_eof_rather_than_returning_empty[loopback]" time="0.001" /><testcase classname="deployment.jetson.tests.test_transport_backend_contract" name="test_recv_raises_at_eof_rather_than_returning_empty[tcp]" time="0.001" /><testcase classname="deployment.jetson.tests.test_transport_backend_contract" name="test_recv_raises_rather_than_returning_short[loopback]" time="0.106" /><testcase classname="deployment.jetson.tests.test_transport_backend_contract" name="test_recv_raises_rather_than_returning_short[tcp]" time="0.106" /><testcase classname="deployment.jetson.tests.test_transport_backend_contract" name="test_repeated_reads_after_eof_keep_raising[loopback]" time="0.001" /><testcase classname="deployment.jetson.tests.test_transport_backend_contract" name="test_repeated_reads_after_eof_keep_raising[tcp]" time="0.001" /><testcase classname="deployment.jetson.tests.test_transport_backend_contract" name="test_close_from_another_thread_releases_a_blocked_reader[loopback]" time="0.104" /><testcase classname="deployment.jetson.tests.test_transport_backend_contract" name="test_close_from_another_thread_releases_a_blocked_reader[tcp]" time="0.104" /><testcase classname="deployment.jetson.tests.test_transport_backend_contract" name="test_close_is_idempotent[loopback]" time="0.001" /><testcase classname="deployment.jetson.tests.test_transport_backend_contract" name="test_close_is_idempotent[tcp]" time="0.001" /><testcase classname="deployment.jetson.tests.test_transport_backend_contract" name="test_close_is_safe_on_a_connection_whose_peer_already_went[loopback]" time="0.001" /><testcase classname="deployment.jetson.tests.test_transport_backend_contract" name="test_close_is_safe_on_a_connection_whose_peer_already_went[tcp]" time="0.001" /><testcase classname="deployment.jetson.tests.test_transport_backend_contract" name="test_writing_to_a_departed_peer_raises_connection_closed[loopback]" time="0.000" /><testcase classname="deployment.jetson.tests.test_transport_backend_contract" name="test_writing_to_a_departed_peer_raises_connection_closed[tcp]" time="0.026" /><testcase classname="deployment.jetson.tests.test_transport_backend_contract" name="test_writing_after_a_local_close_raises_connection_closed[loopback]" time="0.001" /><testcase classname="deployment.jetson.tests.test_transport_backend_contract" name="test_writing_after_a_local_close_raises_connection_closed[tcp]" time="0.001" /><testcase classname="deployment.jetson.tests.test_transport_backend_contract" name="test_close_shuts_the_socket_down_before_closing_it" time="0.000" /><testcase classname="deployment.jetson.tests.test_transport_backend_contract" name="test_close_still_closes_when_shutdown_is_refused" time="0.000" /><testcase classname="deployment.jetson.tests.test_transport_backend_contract" name="test_a_connection_satisfies_the_protocol[loopback]" time="0.001" /><testcase classname="deployment.jetson.tests.test_transport_backend_contract" name="test_a_connection_satisfies_the_protocol[tcp]" time="0.001" /><testcase classname="deployment.jetson.tests.test_transport_backend_contract" name="test_a_connection_carries_no_undeclared_surface[loopback]" time="0.000" /><testcase classname="deployment.jetson.tests.test_transport_backend_contract" name="test_a_connection_carries_no_undeclared_surface[tcp]" time="0.001" /><testcase classname="deployment.jetson.tests.test_transport_channels" name="test_every_channel_has_a_policy" time="0.000" /><testcase classname="deployment.jetson.tests.test_transport_channels" name="test_policy_keys_match_their_channel" time="0.000" /><testcase classname="deployment.jetson.tests.test_transport_channels" name="test_there_is_no_default_policy" time="0.000" /><testcase classname="deployment.jetson.tests.test_transport_channels" name="test_policy_for_accepts_a_string_or_an_enum" time="0.000" /><testcase classname="deployment.jetson.tests.test_transport_channels" name="test_depths_are_positive" time="0.000" /><testcase classname="deployment.jetson.tests.test_transport_channels" name="test_latest_wins_implies_depth_one" time="0.000" /><testcase classname="deployment.jetson.tests.test_transport_channels" name="test_priority_order_is_high_normal_bulk" time="0.000" /><testcase classname="deployment.jetson.tests.test_transport_channels" name="test_tiers_are_in_drain_order_and_cover_every_channel" time="0.000" /><testcase classname="deployment.jetson.tests.test_transport_channels" name="test_the_advisory_and_camera_channels_are_the_droppers" time="0.000" /><testcase classname="deployment.jetson.tests.test_transport_channels" name="test_control_and_commands_outrank_sensor_data" time="0.001" /><testcase classname="deployment.jetson.tests.test_transport_channels" name="test_spec_table_is_parseable_and_complete" time="0.001" /><testcase classname="deployment.jetson.tests.test_transport_channels" name="test_code_matches_the_spec_table[control]" time="0.001" /><testcase classname="deployment.jetson.tests.test_transport_channels" name="test_code_matches_the_spec_table[rate_cmd]" time="0.001" /><testcase classname="deployment.jetson.tests.test_transport_channels" name="test_code_matches_the_spec_table[advisory]" time="0.001" /><testcase classname="deployment.jetson.tests.test_transport_channels" name="test_code_matches_the_spec_table[gps]" time="0.001" /><testcase classname="deployment.jetson.tests.test_transport_channels" name="test_code_matches_the_spec_table[imu]" time="0.001" /><testcase classname="deployment.jetson.tests.test_transport_channels" name="test_code_matches_the_spec_table[here]" time="0.001" /><testcase classname="deployment.jetson.tests.test_transport_channels" name="test_code_matches_the_spec_table[telemetry]" time="0.001" /><testcase classname="deployment.jetson.tests.test_transport_channels" name="test_code_matches_the_spec_table[camera]" time="0.001" /><testcase classname="deployment.jetson.tests.test_transport_client" name="test_the_confirmed_schedule_is_what_the_code_computes" time="0.000" /><testcase classname="deployment.jetson.tests.test_transport_client" name="test_the_delay_is_capped_however_far_it_goes" time="0.000" /><testcase classname="deployment.jetson.tests.test_transport_client" name="test_jitter_spans_exactly_the_stated_band" time="0.001" /><testcase classname="deployment.jetson.tests.test_transport_client" name="test_a_random_unit_always_lands_inside_the_band" time="0.001" /><testcase classname="deployment.jetson.tests.test_transport_client" name="test_an_attempt_below_one_is_rejected" time="0.000" /><testcase classname="deployment.jetson.tests.test_transport_client" name="test_connect_session_returns_a_started_session" time="0.001" /><testcase classname="deployment.jetson.tests.test_transport_client" name="test_a_dial_failure_propagates_and_opens_nothing" time="0.000" /><testcase classname="deployment.jetson.tests.test_transport_client" name="test_a_handshake_failure_closes_the_connection_it_opened" time="0.001" /><testcase classname="deployment.jetson.tests.test_transport_client" name="test_a_session_start_failure_closes_the_connection_it_opened" time="0.001" /><testcase classname="deployment.jetson.tests.test_transport_client" name="test_a_client_reconnects_after_the_peer_hangs_up" time="0.158" /><testcase classname="deployment.jetson.tests.test_transport_client" name="test_a_failing_dial_reports_the_attempt_and_the_delay" time="0.071" /><testcase classname="deployment.jetson.tests.test_transport_client" name="test_a_client_can_be_told_to_give_up" time="0.157" /><testcase classname="deployment.jetson.tests.test_transport_client" name="test_a_short_lived_session_does_not_reset_the_schedule" time="0.114" /><testcase classname="deployment.jetson.tests.test_transport_client" name="test_a_durable_session_resets_the_schedule" time="0.419" /><testcase classname="deployment.jetson.tests.test_transport_client" name="test_twenty_reconnects_accumulate_no_threads" time="0.531" /><testcase classname="deployment.jetson.tests.test_transport_client" name="test_stop_leaves_no_client_thread" time="0.013" /><testcase classname="deployment.jetson.tests.test_transport_client" name="test_the_client_and_the_listener_meet_over_a_real_socket" time="0.024" /><testcase classname="deployment.jetson.tests.test_transport_client" name="test_the_client_reconnects_when_the_listener_displaces_it" time="0.049" /><testcase classname="deployment.jetson.tests.test_transport_client" name="test_a_session_constructor_failure_closes_the_connection" time="0.001" /><testcase classname="deployment.jetson.tests.test_transport_client" name="test_a_partly_started_session_is_closed_on_the_way_out" time="0.001" /><testcase classname="deployment.jetson.tests.test_transport_client" name="test_a_peer_that_never_sends_a_hello_is_given_up_on_and_retried" time="0.648" /><testcase classname="deployment.jetson.tests.test_transport_client" name="test_stop_returns_with_no_live_session_and_no_thread" time="0.013" /><testcase classname="deployment.jetson.tests.test_transport_client" name="test_stop_interrupts_a_handshake_in_progress" time="0.304" /><testcase classname="deployment.jetson.tests.test_transport_client" name="test_current_session_never_hands_back_a_closed_session" time="3.002" /><testcase classname="deployment.jetson.tests.test_transport_client" name="test_current_session_filters_a_closed_session_it_still_holds" time="0.001" /><testcase classname="deployment.jetson.tests.test_transport_client" name="test_the_session_reference_is_cleared_before_the_next_poll" time="2.006" /><testcase classname="deployment.jetson.tests.test_transport_client" name="test_the_retry_delay_escalates_for_short_lived_sessions" time="0.144" /><testcase classname="deployment.jetson.tests.test_transport_client" name="test_a_durable_session_reports_no_retry_delay" time="0.109" /><testcase classname="deployment.jetson.tests.test_transport_client" name="test_the_connection_counters_are_exact" time="0.084" /><testcase classname="deployment.jetson.tests.test_transport_client" name="test_the_default_reset_threshold_cannot_coincide_with_the_stall_timeout" time="0.001" /><testcase classname="deployment.jetson.tests.test_transport_client" name="test_giving_up_stops_the_client_rather_than_leaving_it_idle" time="0.013" /><testcase classname="deployment.jetson.tests.test_transport_client" name="test_twenty_reconnects_over_real_sockets_leak_no_descriptors" time="0.160" /><testcase classname="deployment.jetson.tests.test_transport_client" name="test_an_abandoned_handshake_worker_is_counted_not_hidden" time="2.240" /><testcase classname="deployment.jetson.tests.test_transport_client" name="test_a_handshake_timeout_closes_the_connection_to_release_the_worker" time="0.117" /><testcase classname="deployment.jetson.tests.test_transport_client" name="test_a_session_ended_by_stop_reports_no_retry" time="0.014" /><testcase classname="deployment.jetson.tests.test_transport_client" name="test_an_attempt_failure_racing_stop_reports_no_retry" time="0.001" /><testcase classname="deployment.jetson.tests.test_transport_client" name="test_uptime_excludes_teardown_even_when_teardown_is_slow" time="2.077" /><testcase classname="deployment.jetson.tests.test_transport_client" name="test_the_connection_being_handshaked_is_released_after_success" time="0.012" /><testcase classname="deployment.jetson.tests.test_transport_client" name="test_a_late_handshake_after_the_close_is_discarded_on_purpose" time="0.206" /><testcase classname="deployment.jetson.tests.test_transport_client" name="test_no_session_is_built_on_a_connection_the_timeout_closed" time="0.224" /><testcase classname="deployment.jetson.tests.test_transport_client" name="test_a_compliant_backend_reports_the_timeout_rather_than_a_late_success" time="0.054" /><testcase classname="deployment.jetson.tests.test_transport_endpoint" name="test_a_connection_becomes_a_session" time="0.002" /><testcase classname="deployment.jetson.tests.test_transport_endpoint" name="test_session_ids_start_at_one_and_increase" time="0.002" /><testcase classname="deployment.jetson.tests.test_transport_endpoint" name="test_data_flows_over_an_accepted_session" time="0.002" /><testcase classname="deployment.jetson.tests.test_transport_endpoint" name="test_sequence_numbers_restart_on_a_fresh_session" time="0.002" /><testcase classname="deployment.jetson.tests.test_transport_endpoint" name="test_a_version_mismatch_is_refused_and_starts_no_session" time="0.001" /><testcase classname="deployment.jetson.tests.test_transport_endpoint" name="test_a_non_hello_first_frame_is_refused" time="0.001" /><testcase classname="deployment.jetson.tests.test_transport_endpoint" name="test_a_refusal_does_not_disturb_a_live_session" time="0.002" /><testcase classname="deployment.jetson.tests.test_transport_endpoint" name="test_a_new_connection_displaces_the_live_session" time="0.002" /><testcase classname="deployment.jetson.tests.test_transport_endpoint" name="test_the_displaced_session_carries_its_reason_in_its_stats" time="0.002" /><testcase classname="deployment.jetson.tests.test_transport_endpoint" name="test_reconnecting_five_times_leaves_one_live_session" time="0.004" /><testcase classname="deployment.jetson.tests.test_transport_endpoint" name="test_a_phone_hangup_ends_the_session" time="0.001" /><testcase classname="deployment.jetson.tests.test_transport_endpoint" name="test_a_silent_phone_is_declared_stalled" time="0.213" /><testcase classname="deployment.jetson.tests.test_transport_endpoint" name="test_a_heartbeating_phone_is_not_declared_stalled" time="1.208" /><testcase classname="deployment.jetson.tests.test_transport_endpoint" name="test_stopping_the_listener_closes_the_live_session" time="0.001" /><testcase classname="deployment.jetson.tests.test_transport_endpoint" name="test_no_listener_thread_outlives_stop" time="0.001" /><testcase classname="deployment.jetson.tests.test_transport_endpoint" name="test_events_are_ordered_end_before_the_replacement_start" time="0.002" /><testcase classname="deployment.jetson.tests.test_transport_endpoint" name="test_next_event_returns_none_when_nothing_happened" time="0.054" /><testcase classname="deployment.jetson.tests.test_transport_endpoint" name="test_a_session_that_dies_at_once_still_reports_started_first" time="0.002" /><testcase classname="deployment.jetson.tests.test_transport_endpoint" name="test_a_connection_that_never_sends_a_hello_is_refused_not_tolerated" time="0.306" /><testcase classname="deployment.jetson.tests.test_transport_endpoint" name="test_a_healthy_phone_still_connects_after_a_mute_one" time="0.304" /><testcase classname="deployment.jetson.tests.test_transport_endpoint" name="test_stop_returns_and_leaves_no_thread_with_a_peer_mid_handshake" time="0.203" /><testcase classname="deployment.jetson.tests.test_transport_endpoint" name="test_a_refused_connection_is_closed" time="0.001" /><testcase classname="deployment.jetson.tests.test_transport_endpoint" name="test_an_old_session_ending_late_does_not_clear_the_live_one" time="0.002" /><testcase classname="deployment.jetson.tests.test_transport_endpoint" name="test_a_connection_arriving_after_stop_never_becomes_a_session" time="0.206" /><testcase classname="deployment.jetson.tests.test_transport_endpoint" name="test_admit_drops_a_connection_that_arrives_as_the_listener_stops" time="0.105" /><testcase classname="deployment.jetson.tests.test_transport_endpoint" name="test_a_healthy_phone_whose_hello_is_late_is_still_accepted" time="0.405" /><testcase classname="deployment.jetson.tests.test_transport_endpoint" name="test_a_timed_out_handshake_closes_the_connection" time="0.306" /><testcase classname="deployment.jetson.tests.test_transport_endpoint" name="test_stop_racing_the_session_install_leaves_nothing_running" time="0.403" /><testcase classname="deployment.jetson.tests.test_transport_endpoint" name="test_a_consumer_that_closes_on_started_gets_no_surviving_thread" time="0.001" /><testcase classname="deployment.jetson.tests.test_transport_endpoint" name="test_a_backend_that_ignores_close_is_counted_not_hidden" time="2.547" /><testcase classname="deployment.jetson.tests.test_transport_endpoint" name="test_bailing_out_at_stop_closes_the_connection" time="0.000" /><testcase classname="deployment.jetson.tests.test_transport_frames" name="test_roundtrip_preserves_every_field[]" time="0.000" /><testcase classname="deployment.jetson.tests.test_transport_frames" name="test_roundtrip_preserves_every_field[x]" time="0.000" /><testcase classname="deployment.jetson.tests.test_transport_frames" name="test_roundtrip_preserves_every_field[abc]" time="0.000" /><testcase classname="deployment.jetson.tests.test_transport_frames" name="test_roundtrip_preserves_every_field[\x00\x01\x02\x03\x04\x05\x06\x07\x08\t\n\x0b\x0c\r\x0e\x0f\x10\x11\x12\x13\x14\x15\x16\x17\x18\x19\x1a\x1b\x1c\x1d\x1e\x1f !&quot;#$%&amp;'()*+,-./0123456789:;&lt;=&gt;?@ABCDEFGHIJKLMNOPQRSTUVWXYZ[\]^_`abcdefghijklmnopqrstuvwxyz{|}~\x7f\x80\x81\x82\x83\x84\x85\x86\x87\x88\x89\x8a\x8b\x8c\x8d\x8e\x8f\x90\x91\x92\x93\x94\x95\x96\x97\x98\x99\x9a\x9b\x9c\x9d\x9e\x9f\xa0\xa1\xa2\xa3\xa4\xa5\xa6\xa7\xa8\xa9\xaa\xab\xac\xad\xae\xaf\xb0\xb1\xb2\xb3\xb4\xb5\xb6\xb7\xb8\xb9\xba\xbb\xbc\xbd\xbe\xbf\xc0\xc1\xc2\xc3\xc4\xc5\xc6\xc7\xc8\xc9\xca\xcb\xcc\xcd\xce\xcf\xd0\xd1\xd2\xd3\xd4\xd5\xd6\xd7\xd8\xd9\xda\xdb\xdc\xdd\xde\xdf\xe0\xe1\xe2\xe3\xe4\xe5\xe6\xe7\xe8\xe9\xea\xeb\xec\xed\xee\xef\xf0\xf1\xf2\xf3\xf4\xf5\xf6\xf7\xf8\xf9\xfa\xfb\xfc\xfd\xfe\xff]" time="0.000" /><testcase classname="deployment.jetson.tests.test_transport_frames" name="test_roundtrip_preserves_every_field[\x00\x00\x00\x00\x00\x00\x00\x00\x00\x00\x00\x00\x00\x00\x00\x00\x00\x00\x00\x00\x00\x00\x00\x00\x00\x00\x00\x00\x00\x00\x00\x00\x00\x00\x00\x00\x00\x00\x00\x00\x00\x00\x00\x00\x00\x00\x00\x00\x00\x00\x00\x00\x00\x00\x00\x00\x00\x00\x00\x00\x00\x00\x00\x00\x00\x00\x00\x00\x00\x00\x00\x00\x00\x00\x00\x00\x00\x00\x00\x00\x00\x00\x00\x00\x00\x00\x00\x00\x00\x00\x00\x00\x00\x00\x00\x00\x00\x00\x00\x00\x00\x00\x00\x00\x00\x00\x00\x00\x00\x00\x00\x00\x00\x00\x00\x00\x00\x00\x00\x00\x00\x00\x00\x00\x00\x00\x00\x00\x00\x00\x00\x00\x00\x00\x00\x00\x00\x00\x00\x00\x00\x00\x00\x00\x00\x00\x00\x00\x00\x00\x00\x00\x00\x00\x00\x00\x00\x00\x00\x00\x00\x00\x00\x00\x00\x00\x00\x00\x00\x00\x00\x00\x00\x00\x00\x00\x00\x00\x00\x00\x00\x00\x00\x00\x00\x00\x00\x00\x00\x00\x00\x00\x00\x00\x00\x00\x00\x00\x00\x00\x00\x00\x00\x00\x00\x00\x00\x00\x00\x00\x00\x00\x00\x00\x00\x00\x00\x00\x00\x00\x00\x00\x00\x00\x00\x00\x00\x00\x00\x00\x00\x00\x00\x00\x00\x00\x00\x00\x00\x00\x00\x00\x00\x00\x00\x00\x00\x00\x00\x00\x00\x00\x00\x00\x00\x00\x00\x00\x00\x00\x00\x00\x00\x00\x00\x00\x00\x00\x00\x00\x00\x00\x00\x00\x00\x00\x00\x00\x00\x00\x00\x00\x00\x00\x00\x00\x00\x00\x00\x00\x00\x00\x00\x00\x00\x00\x00\x00\x00\x00\x00\x00\x00\x00\x00\x00\x00\x00\x00\x00\x00\x00\x00\x00\x00\x00\x00\x00\x00\x00\x00\x00\x00\x00\x00\x00\x00\x00\x00\x00\x00\x00\x00\x00\x00\x00\x00\x00\x00\x00\x00\x00\x00\x00\x00\x00\x00\x00\x00\x00\x00\x00\x00\x00\x00\x00\x00\x00\x00\x00\x00\x00\x00\x00\x00\x00\x00\x00\x00\x00\x00\x00\x00\x00\x00\x00\x00\x00\x00\x00\x00\x00\x00\x00\x00\x00\x00\x00\x00\x00\x00\x00\x00\x00\x00\x00\x00\x00\x00\x00\x00\x00\x00\x00\x00\x00\x00\x00\x00\x00\x00\x00\x00\x00\x00\x00\x00\x00\x00\x00\x00\x00\x00\x00\x00\x00\x00\x00\x00\x00\x00\x00\x00\x00\x00\x00\x00\x00\x00\x00\x00\x00\x00\x00\x00\x00\x00\x00\x00\x00\x00\x00\x00\x00\x00\x00\x00\x00\x00\x00\x00\x00\x00\x00\x00\x00\x00\x00\x00\x00\x00\x00\x00\x00\x00\x00\x00\x00\x00\x00\x00\x00\x00\x00\x00\x00\x00\x00\x00\x00\x00\x00\x00\x00\x00\x00\x00\x00\x00\x00\x00\x00\x00\x00\x00\x00\x00\x00\x00\x00\x00\x00\x00\x00\x00\x00\x00\x00\x00\x00\x00\x00\x00\x00\x00\x00\x00\x00\x00\x00\x00\x00\x00\x00\x00\x00\x00\x00\x00\x00\x00\x00\x00\x00\x00\x00\x00\x00\x00\x00\x00\x00\x00\x00\x00\x00\x00\x00\x00\x00\x00\x00\x00\x00\x00\x00\x00\x00\x00\x00\x00\x00\x00\x00\x00\x00\x00\x00\x00\x00\x00\x00\x00\x00\x00\x00\x00\x00\x00\x00\x00\x00\x00\x00\x00\x00\x00\x00\x00\x00\x00\x00\x00\x00\x00\x00\x00\x00\x00\x00\x00\x00\x00\x00\x00\x00\x00\x00\x00\x00\x00\x00\x00\x00\x00\x00\x00\x00\x00\x00\x00\x00\x00\x00\x00\x00\x00\x00\x00\x00\x00\x00\x00\x00\x00\x00\x00\x00\x00\x00\x00\x00\x00\x00\x00\x00\x00\x00\x00\x00\x00\x00\x00\x00\x00\x00\x00\x00\x00\x00\x00\x00\x00\x00\x00\x00\x00\x00\x00\x00\x00\x00\x00\x00\x00\x00\x00\x00\x00\x00\x00\x00\x00\x00\x00\x00\x00\x00\x00\x00\x00\x00\x00\x00\x00\x00\x00\x00\x00\x00\x00\x00\x00\x00\x00\x00\x00\x00\x00\x00\x00\x00\x00\x00\x00\x00\x00\x00\x00\x00\x00\x00\x00\x00\x00\x00\x00\x00\x00\x00\x00\x00\x00\x00\x00\x00\x00\x00\x00\x00\x00\x00\x00\x00\x00\x00\x00\x00\x00\x00\x00\x00\x00\x00\x00\x00\x00\x00\x00\x00\x00\x00\x00\x00\x00\x00\x00\x00\x00\x00\x00\x00\x00\x00\x00\x00\x00\x00\x00\x00\x00\x00\x00\x00\x00\x00\x00\x00\x00\x00\x00\x00\x00\x00\x00\x00\x00\x00\x00\x00\x00\x00\x00\x00\x00\x00\x00\x00\x00\x00\x00\x00\x00\x00\x00\x00\x00\x00\x00\x00\x00\x00\x00\x00\x00\x00\x00\x00\x00\x00\x00\x00\x00\x00\x00\x00\x00\x00\x00\x00\x00\x00\x00\x00\x00\x00\x00\x00\x00\x00\x00\x00\x00\x00\x00\x00\x00\x00\x00\x00\x00\x00\x00\x00\x00\x00\x00\x00\x00\x00\x00\x00\x00\x00\x00\x00\x00\x00\x00\x00\x00\x00\x00\x00\x00\x00\x00\x00\x00\x00\x00\x00\x00\x00\x00\x00\x00\x00\x00\x00\x00\x00\x00\x00\x00\x00\x00\x00\x00\x00\x00\x00\x00\x00\x00\x00\x00\x00\x00\x00\x00\x00\x00\x00\x00\x00\x00\x00\x00\x00\x00\x00\x00\x00\x00\x00\x00\x00\x00\x00\x00\x00\x00\x00\x00\x00\x00\x00\x00\x00\x00\x00\x00\x00\x00\x00\x00\x00\x00\x00\x00\x00\x00\x00\x00\x00\x00\x00\x00\x00\x00\x00\x00\x00\x00\x00\x00\x00\x00\x00\x00\x00\x00\x00\x00\x00\x00\x00\x00\x00\x00\x00\x00\x00\x00\x00\x00\x00\x00\x00\x00\x00\x00\x00\x00\x00\x00\x00\x00\x00\x00\x00\x00\x00\x00\x00\x00\x00\x00\x00\x00\x00\x00\x00\x00\x00\x00\x00\x00\x00\x00\x00\x00\x00\x00\x00\x00\x00\x00\x00\x00\x00\x00\x00\x00\x00\x00\x00\x00\x00\x00\x00\x00\x00\x00\x00\x00\x00\x00\x00\x00\x00\x00\x00\x00\x00\x00\x00\x00\x00\x00\x00\x00\x00\x00\x00\x00\x00\x00\x00\x00\x00\x00\x00\x00\x00\x00\x00\x00\x00\x00\x00\x00\x00\x00\x00\x00\x00\x00\x00\x00\x00\x00\x00\x00\x00\x00\x00\x00\x00\x00\x00\x00\x00\x00\x00\x00\x00\x00\x00\x00\x00\x00\x00\x00\x00\x00\x00\x00\x00\x00\x00\x00\x00\x00\x00\x00\x00\x00\x00\x00\x00\x00\x00\x00\x00\x00\x00\x00\x00\x00\x00\x00\x00\x00\x00\x00\x00\x00\x00\x00\x00\x00\x00\x00\x00\x00\x00\x00\x00\x00\x00\x00\x00\x00\x00\x00\x00\x00\x00\x00\x00\x00\x00\x00\x00\x00\x00\x00\x00\x00\x00\x00\x00\x00\x00\x00\x00\x00\x00\x00\x00\x00\x00\x00\x00\x00\x00\x00\x00\x00\x00\x00\x00\x00\x00\x00\x00\x00\x00\x00\x00\x00\x00\x00\x00\x00\x00\x00\x00\x00\x00\x00\x00\x00\x00\x00\x00\x00\x00\x00\x00\x00\x00\x00\x00\x00\x00\x00\x00\x00\x00\x00\x00\x00\x00\x00\x00\x00\x00\x00\x00\x00\x00\x00\x00\x00\x00\x00\x00\x00\x00\x00\x00\x00\x00\x00\x00\x00\x00\x00\x00\x00\x00\x00\x00\x00\x00\x00\x00\x00\x00\x00\x00\x00\x00\x00\x00\x00\x00\x00\x00\x00\x00\x00\x00\x00\x00\x00\x00\x00\x00\x00\x00\x00\x00\x00\x00\x00\x00\x00\x00\x00\x00\x00\x00\x00\x00\x00\x00\x00\x00\x00\x00\x00\x00\x00\x00\x00\x00\x00\x00\x00\x00\x00\x00\x00\x00\x00\x00\x00\x00\x00\x00\x00\x00\x00\x00\x00\x00\x00\x00\x00\x00\x00\x00\x00\x00\x00\x00\x00\x00\x00\x00\x00\x00\x00\x00\x00\x00\x00\x00\x00\x00\x00\x00\x00\x00\x00\x00\x00\x00\x00\x00\x00\x00\x00\x00\x00\x00\x00\x00\x00\x00\x00\x00\x00\x00\x00\x00\x00\x00\x00\x00\x00\x00\x00\x00\x00\x00\x00\x00\x00\x00\x00\x00\x00\x00\x00\x00\x00\x00\x00\x00\x00\x00\x00\x00\x00\x00\x00\x00\x00\x00\x00\x00\x00\x00\x00\x00\x00\x00\x00\x00\x00\x00\x00\x00\x00\x00\x00\x00\x00\x00\x00\x00\x00\x00\x00\x00\x00\x00\x00\x00\x00\x00\x00\x00\x00\x00\x00\x00\x00\x00\x00\x00\x00\x00\x00\x00\x00\x00\x00\x00\x00\x00\x00\x00\x00\x00\x00\x00\x00\x00\x00\x00\x00\x00\x00\x00\x00\x00\x00\x00\x00\x00\x00\x00\x00\x00\x00\x00\x00\x00\x00\x00\x00\x00\x00\x00\x00\x00\x00\x00\x00\x00\x00\x00\x00\x00\x00\x00\x00\x00\x00\x00\x00\x00\x00\x00\x00\x00\x00\x00\x00\x00\x00\x00\x00\x00\x00\x00\x00\x00\x00\x00\x00\x00\x00\x00\x00\x00\x00\x00\x00\x00\x00\x00\x00\x00\x00\x00\x00\x00\x00\x00\x00\x00\x00\x00\x00\x00\x00\x00\x00\x00\x00\x00\x00\x00\x00\x00\x00\x00\x00\x00\x00\x00\x00\x00\x00\x00\x00\x00\x00\x00\x00\x00\x00\x00\x00\x00\x00\x00\x00\x00\x00\x00\x00\x00\x00\x00\x00\x00\x00\x00\x00\x00\x00\x00\x00\x00\x00\x00\x00\x00\x00\x00\x00\x00\x00\x00\x00\x00\x00\x00\x00\x00\x00\x00\x00\x00\x00\x00\x00\x00\x00\x00\x00\x00\x00\x00\x00\x00\x00\x00\x00\x00\x00\x00\x00\x00\x00\x00\x00\x00\x00\x00\x00\x00\x00\x00\x00\x00\x00\x00\x00\x00\x00\x00\x00\x00\x00\x00\x00\x00\x00\x00\x00\x00\x00\x00\x00\x00\x00\x00\x00\x00\x00\x00\x00\x00\x00\x00\x00\x00\x00\x00\x00\x00\x00\x00\x00\x00\x00\x00\x00\x00\x00\x00\x00\x00\x00\x00\x00\x00\x00\x00\x00\x00\x00\x00\x00\x00\x00\x00\x00\x00\x00\x00\x00\x00\x00\x00\x00\x00\x00\x00\x00\x00\x00\x00\x00\x00\x00\x00\x00\x00\x00\x00\x00\x00\x00\x00\x00\x00\x00\x00\x00\x00\x00\x00\x00\x00\x00\x00\x00\x00\x00\x00\x00\x00\x00\x00\x00\x00\x00\x00\x00\x00\x00\x00\x00\x00\x00\x00\x00\x00\x00\x00\x00\x00\x00\x00\x00\x00\x00\x00\x00\x00\x00\x00\x00\x00\x00\x00\x00\x00\x00\x00\x00\x00\x00\x00\x00\x00\x00\x00\x00\x00\x00\x00\x00\x00\x00\x00\x00\x00\x00\x00\x00\x00\x00\x00\x00\x00\x00\x00\x00\x00\x00\x00\x00\x00\x00\x00\x00\x00\x00\x00\x00\x00\x00\x00\x00\x00\x00\x00\x00\x00\x00\x00\x00\x00\x00\x00\x00\x00\x00\x00\x00\x00\x00\x00\x00\x00\x00\x00\x00\x00\x00\x00\x00\x00\x00\x00\x00\x00\x00\x00\x00\x00\x00\x00\x00\x00\x00\x00\x00\x00\x00\x00\x00\x00\x00\x00\x00\x00\x00\x00\x00\x00\x00\x00\x00\x00\x00\x00\x00\x00\x00\x00\x00\x00\x00\x00\x00\x00\x00\x00\x00\x00\x00\x00\x00\x00\x00\x00\x00\x00\x00\x00\x00\x00\x00\x00\x00\x00\x00\x00\x00\x00\x00\x00\x00\x00\x00\x00\x00\x00\x00\x00\x00\x00\x00\x00\x00\x00\x00\x00\x00\x00\x00\x00\x00\x00\x00\x00\x00\x00\x00\x00\x00\x00\x00\x00\x00\x00\x00\x00\x00\x00\x00\x00\x00\x00\x00\x00\x00\x00\x00\x00\x00\x00\x00\x00\x00\x00\x00\x00\x00\x00\x00\x00\x00\x00\x00\x00\x00\x00\x00\x00\x00\x00\x00\x00\x00\x00\x00\x00\x00\x00\x00\x00\x00\x00\x00\x00\x00\x00\x00\x00\x00\x00\x00\x00\x00\x00\x00\x00\x00\x00\x00\x00\x00\x00\x00\x00\x00\x00\x00\x00\x00\x00\x00\x00\x00\x00\x00\x00\x00\x00\x00\x00\x00\x00\x00\x00\x00\x00\x00\x00\x00\x00\x00\x00\x00\x00\x00\x00\x00\x00\x00\x00\x00\x00\x00\x00\x00\x00\x00\x00\x00\x00\x00\x00\x00\x00\x00\x00\x00\x00\x00\x00\x00\x00\x00\x00\x00\x00\x00\x00\x00\x00\x00\x00\x00\x00\x00\x00\x00\x00\x00\x00\x00\x00\x00\x00\x00\x00\x00\x00\x00\x00\x00\x00\x00\x00\x00\x00\x00\x00\x00\x00\x00\x00\x00\x00\x00\x00\x00\x00\x00\x00\x00\x00\x00\x00\x00\x00\x00\x00\x00\x00\x00\x00\x00\x00\x00\x00\x00\x00\x00\x00\x00\x00\x00\x00\x00\x00\x00\x00\x00\x00\x00\x00\x00\x00\x00\x00\x00\x00\x00\x00\x00\x00\x00\x00\x00\x00\x00\x00\x00\x00\x00\x00\x00\x00\x00\x00\x00\x00\x00\x00\x00\x00\x00\x00\x00\x00\x00\x00\x00\x00\x00\x00\x00\x00\x00\x00\x00\x00\x00\x00\x00\x00\x00\x00\x00\x00\x00\x00\x00\x00\x00\x00\x00\x00\x00\x00\x00\x00\x00\x00\x00\x00\x00\x00\x00\x00\x00\x00\x00\x00\x00\x00\x00\x00\x00\x00\x00\x00\x00\x00\x00\x00\x00\x00\x00\x00\x00\x00\x00\x00\x00\x00\x00\x00\x00\x00\x00\x00\x00\x00\x00\x00\x00\x00\x00\x00\x00\x00\x00\x00\x00\x00\x00\x00\x00\x00\x00\x00\x00\x00\x00\x00\x00\x00\x00\x00\x00\x00\x00\x00\x00\x00\x00\x00\x00\x00\x00\x00\x00\x00\x00\x00\x00\x00\x00\x00\x00\x00\x00\x00\x00\x00\x00\x00\x00\x00\x00\x00\x00\x00\x00\x00\x00\x00\x00\x00\x00\x00\x00\x00\x00\x00\x00\x00\x00\x00\x00\x00\x00\x00\x00\x00\x00\x00\x00\x00\x00\x00\x00\x00\x00\x00\x00\x00\x00\x00\x00\x00\x00\x00\x00\x00\x00\x00\x00\x00\x00\x00\x00\x00\x00\x00\x00\x00\x00\x00\x00\x00\x00\x00\x00\x00\x00\x00\x00\x00\x00\x00\x00\x00\x00\x00\x00\x00\x00\x00\x00\x00\x00\x00\x00\x00\x00\x00\x00\x00\x00\x00\x00\x00\x00\x00\x00\x00\x00\x00\x00\x00\x00\x00\x00\x00\x00\x00\x00\x00\x00\x00\x00\x00\x00\x00\x00\x00\x00\x00\x00\x00\x00\x00\x00\x00\x00\x00\x00\x00\x00\x00\x00\x00\x00\x00\x00\x00\x00\x00\x00\x00\x00\x00\x00\x00\x00\x00\x00\x00\x00\x00\x00\x00\x00\x00\x00\x00\x00\x00\x00\x00\x00\x00\x00\x00\x00\x00\x00\x00\x00\x00\x00\x00\x00\x00\x00\x00\x00\x00\x00\x00\x00\x00\x00\x00\x00\x00\x00\x00\x00\x00\x00\x00\x00\x00\x00\x00\x00\x00\x00\x00\x00\x00\x00\x00\x00\x00\x00\x00\x00\x00\x00\x00\x00\x00\x00\x00\x00\x00\x00\x00\x00\x00\x00\x00\x00\x00\x00\x00\x00\x00\x00\x00\x00\x00\x00\x00\x00\x00\x00\x00\x00\x00\x00\x00\x00\x00\x00\x00\x00\x00\x00\x00\x00\x00\x00\x00\x00\x00\x00\x00\x00\x00\x00\x00\x00\x00\x00\x00\x00\x00\x00\x00\x00\x00\x00\x00\x00\x00\x00\x00\x00\x00\x00\x00\x00\x00\x00\x00\x00\x00\x00\x00\x00\x00\x00\x00\x00\x00\x00\x00\x00\x00\x00\x00\x00\x00\x00\x00\x00\x00\x00\x00\x00\x00\x00\x00\x00\x00\x00\x00\x00\x00\x00\x00\x00\x00\x00\x00\x00\x00\x00\x00\x00\x00\x00\x00\x00\x00\x00\x00\x00\x00\x00\x00\x00\x00\x00\x00\x00\x00\x00\x00\x00\x00\x00\x00\x00\x00\x00\x00\x00\x00\x00\x00\x00\x00\x00\x00\x00\x00\x00\x00\x00\x00\x00\x00\x00\x00\x00\x00\x00\x00\x00\x00\x00\x00\x00\x00\x00\x00\x00\x00\x00\x00\x00\x00\x00\x00\x00\x00\x00\x00\x00\x00\x00\x00\x00\x00\x00\x00\x00\x00\x00\x00\x00\x00\x00\x00\x00\x00\x00\x00\x00\x00\x00\x00\x00\x00\x00\x00\x00\x00\x00\x00\x00\x00\x00\x00\x00\x00\x00\x00\x00\x00\x00\x00\x00\x00\x00\x00\x00\x00\x00\x00\x00\x00\x00\x00\x00\x00\x00\x00\x00\x00\x00\x00\x00\x00\x00\x00\x00\x00\x00\x00\x00\x00\x00\x00\x00\x00\x00\x00\x00\x00\x00\x00\x00\x00\x00\x00\x00\x00\x00\x00\x00\x00\x00\x00\x00\x00\x00\x00\x00\x00\x00\x00\x00\x00\x00\x00\x00\x00\x00\x00\x00\x00\x00\x00\x00\x00\x00\x00\x00\x00\x00\x00\x00\x00\x00\x00\x00\x00\x00\x00\x00\x00\x00\x00\x00\x00\x00\x00\x00\x00\x00\x00\x00\x00\x00\x00\x00\x00\x00\x00\x00\x00\x00\x00\x00\x00\x00\x00\x00\x00\x00\x00\x00\x00\x00\x00\x00\x00\x00\x00\x00\x00\x00\x00\x00\x00\x00\x00\x00\x00\x00\x00\x00\x00\x00\x00\x00\x00\x00\x00\x00\x00\x00\x00\x00\x00\x00\x00\x00\x00\x00\x00\x00\x00\x00\x00\x00\x00\x00\x00\x00\x00\x00\x00\x00\x00\x00\x00\x00\x00\x00\x00\x00\x00\x00\x00\x00\x00\x00\x00\x00\x00\x00\x00\x00\x00\x00\x00\x00\x00\x00\x00\x00\x00\x00\x00\x00\x00\x00\x00\x00\x00\x00\x00\x00\x00\x00\x00\x00\x00\x00\x00\x00\x00\x00\x00\x00\x00\x00\x00\x00\x00\x00\x00\x00\x00\x00\x00\x00\x00\x00\x00\x00\x00\x00\x00\x00\x00\x00\x00\x00\x00\x00\x00\x00\x00\x00\x00\x00\x00\x00\x00\x00\x00\x00\x00\x00\x00\x00\x00\x00\x00\x00\x00\x00\x00\x00\x00\x00\x00\x00\x00\x00\x00\x00\x00\x00\x00\x00\x00\x00\x00\x00\x00\x00\x00\x00\x00\x00\x00\x00\x00\x00\x00\x00\x00\x00\x00\x00\x00\x00\x00\x00\x00\x00\x00\x00\x00\x00\x00\x00\x00\x00\x00\x00\x00\x00\x00\x00\x00\x00\x00\x00\x00\x00\x00\x00\x00\x00\x00\x00\x00\x00\x00\x00\x00\x00\x00\x00\x00\x00\x00\x00\x00\x00\x00\x00\x00\x00\x00\x00\x00\x00\x00\x00\x00\x00\x00\x00\x00\x00\x00\x00\x00\x00\x00\x00\x00\x00\x00\x00\x00\x00\x00\x00\x00\x00\x00\x00\x00\x00\x00\x00\x00\x00\x00\x00\x00\x00\x00\x00\x00\x00\x00\x00\x00\x00\x00\x00\x00\x00\x00\x00\x00\x00\x00\x00\x00\x00\x00\x00\x00\x00\x00\x00\x00\x00\x00\x00\x00\x00\x00\x00\x00\x00\x00\x00\x00\x00\x00\x00\x00\x00\x00\x00\x00\x00\x00\x00\x00\x00\x00\x00\x00\x00\x00\x00\x00\x00\x00\x00\x00\x00\x00\x00\x00\x00\x00\x00\x00\x00\x00\x00\x00\x00\x00\x00\x00\x00\x00\x00\x00\x00\x00\x00\x00\x00\x00\x00\x00\x00\x00\x00\x00\x00\x00\x00\x00\x00\x00\x00\x00\x00\x00\x00\x00\x00\x00\x00\x00\x00\x00\x00\x00\x00\x00\x00\x00\x00\x00\x00\x00\x00\x00\x00\x00\x00\x00\x00\x00\x00\x00\x00\x00\x00\x00\x00\x00\x00\x00\x00\x00\x00\x00\x00\x00\x00\x00\x00\x00\x00\x00\x00\x00\x00\x00\x00\x00\x00\x00\x00\x00\x00\x00\x00\x00\x00\x00\x00\x00\x00\x00\x00\x00\x00\x00\x00\x00\x00\x00\x00\x00\x00\x00\x00\x00\x00\x00\x00\x00\x00\x00\x00\x00\x00\x00\x00\x00\x00\x00\x00\x00\x00\x00\x00\x00\x00\x00\x00\x00\x00\x00\x00\x00\x00\x00\x00\x00\x00\x00\x00\x00\x00\x00\x00\x00\x00\x00\x00\x00\x00\x00\x00\x00\x00\x00\x00\x00\x00\x00\x00\x00\x00\x00\x00\x00\x00\x00\x00\x00\x00\x00\x00\x00\x00\x00\x00\x00\x00\x00\x00\x00\x00\x00\x00\x00\x00\x00\x00\x00\x00\x00\x00\x00\x00\x00\x00\x00\x00\x00\x00\x00\x00\x00\x00\x00\x00\x00\x00\x00\x00\x00\x00\x00\x00\x00\x00\x00\x00\x00\x00\x00\x00\x00\x00\x00\x00\x00\x00\x00\x00\x00\x00\x00\x00\x00\x00\x00\x00\x00\x00\x00\x00\x00\x00\x00\x00\x00\x00\x00\x00\x00\x00\x00\x00\x00\x00\x00\x00\x00\x00\x00\x00\x00\x00\x00\x00\x00\x00\x00\x00\x00\x00\x00\x00\x00\x00\x00\x00\x00\x00\x00\x00\x00\x00\x00\x00\x00\x00\x00\x00\x00\x00\x00\x00\x00\x00\x00\x00\x00\x00\x00\x00\x00\x00\x00\x00\x00\x00\x00\x00\x00\x00\x00\x00\x00\x00\x00\x00\x00\x00\x00\x00\x00\x00\x00\x00\x00\x00\x00\x00\x00\x00\x00\x00\x00\x00\x00\x00\x00\x00\x00\x00\x00\x00\x00\x00\x00\x00\x00\x00\x00\x00\x00\x00\x00\x00\x00\x00\x00\x00\x00\x00\x00\x00\x00\x00\x00\x00\x00\x00\x00\x00\x00\x00\x00\x00\x00\x00\x00\x00\x00\x00\x00\x00\x00\x00\x00\x00\x00\x00\x00\x00\x00\x00\x00\x00\x00\x00\x00\x00\x00\x00\x00\x00\x00\x00\x00\x00\x00\x00\x00\x00\x00\x00\x00\x00\x00\x00\x00\x00\x00\x00\x00\x00\x00\x00\x00\x00\x00\x00\x00\x00\x00\x00\x00\x00\x00\x00\x00\x00\x00\x00\x00\x00\x00\x00\x00\x00\x00\x00\x00\x00\x00\x00\x00\x00\x00\x00\x00\x00\x00\x00\x00\x00\x00\x00\x00\x00\x00\x00\x00\x00\x00\x00\x00\x00\x00\x00\x00\x00\x00\x00\x00\x00\x00\x00\x00\x00\x00\x00\x00\x00\x00\x00\x00\x00\x00\x00\x00\x00\x00\x00\x00\x00\x00\x00\x00\x00\x00\x00\x00\x00\x00\x00\x00\x00\x00\x00\x00\x00\x00\x00\x00\x00\x00\x00\x00\x00\x00\x00\x00\x00\x00\x00\x00\x00\x00\x00\x00\x00\x00\x00\x00\x00\x00\x00\x00\x00\x00\x00\x00\x00\x00\x00\x00\x00\x00\x00\x00\x00\x00\x00\x00\x00\x00\x00\x00\x00\x00\x00\x00\x00\x00\x00\x00\x00\x00\x00\x00\x00\x00\x00\x00\x00\x00\x00\x00\x00\x00\x00\x00\x00\x00\x00\x00\x00\x00\x00\x00\x00\x00\x00\x00\x00\x00\x00\x00\x00\x00\x00\x00\x00\x00\x00\x00\x00\x00\x00\x00\x00\x00\x00\x00\x00\x00\x00\x00\x00\x00\x00\x00\x00\x00\x00\x00\x00\x00\x00\x00\x00\x00\x00\x00\x00\x00\x00\x00\x00\x00\x00\x00\x00\x00\x00\x00\x00\x00\x00\x00\x00\x00\x00\x00\x00\x00\x00\x00\x00\x00\x00\x00\x00\x00\x00\x00\x00\x00\x00\x00\x00\x00\x00\x00\x00\x00\x00\x00\x00\x00\x00\x00\x00\x00\x00\x00\x00\x00\x00\x00\x00\x00\x00\x00\x00\x00\x00\x00\x00\x00\x00\x00\x00\x00\x00\x00\x00\x00\x00\x00\x00\x00\x00\x00\x00\x00\x00\x00\x00\x00\x00\x00\x00\x00\x00\x00\x00\x00\x00\x00\x00\x00\x00\x00\x00\x00\x00\x00\x00\x00\x00\x00\x00\x00\x00\x00\x00\x00\x00\x00\x00\x00\x00\x00\x00\x00\x00\x00\x00\x00\x00\x00\x00\x00\x00\x00\x00\x00\x00\x00\x00\x00\x00\x00\x00\x00\x00\x00\x00\x00\x00\x00\x00\x00\x00\x00\x00\x00\x00\x00\x00\x00\x00\x00\x00\x00\x00\x00\x00\x00\x00\x00\x00\x00\x00\x00\x00\x00\x00\x00\x00\x00\x00\x00\x00\x00\x00\x00\x00\x00\x00\x00\x00\x00\x00\x00\x00\x00\x00\x00\x00\x00\x00\x00\x00\x00\x00\x00\x00\x00\x00\x00\x00\x00\x00\x00\x00\x00\x00\x00\x00\x00\x00\x00\x00\x00\x00\x00\x00\x00\x00\x00\x00\x00\x00\x00\x00\x00\x00\x00\x00\x00\x00\x00\x00\x00\x00\x00\x00\x00\x00\x00\x00\x00\x00\x00\x00\x00\x00\x00\x00\x00\x00\x00\x00\x00\x00\x00\x00\x00\x00\x00\x00\x00\x00\x00\x00\x00\x00\x00\x00\x00\x00\x00\x00\x00\x00\x00\x00\x00\x00\x00\x00\x00\x00\x00\x00\x00\x00\x00\x00\x00\x00\x00\x00\x00\x00\x00\x00\x00\x00\x00\x00\x00\x00\x00\x00\x00\x00\x00\x00\x00\x00\x00\x00\x00\x00\x00\x00\x00\x00\x00\x00\x00\x00\x00\x00\x00\x00\x00\x00\x00\x00\x00\x00\x00\x00\x00\x00\x00\x00\x00\x00\x00\x00\x00\x00\x00\x00\x00\x00\x00\x00\x00\x00\x00\x00\x00\x00\x00\x00\x00\x00\x00\x00\x00\x00\x00\x00\x00\x00\x00\x00\x00\x00\x00\x00\x00\x00\x00\x00\x00\x00\x00\x00\x00\x00\x00\x00\x00\x00\x00\x00\x00\x00\x00\x00\x00\x00\x00\x00\x00\x00\x00\x00\x00\x00\x00\x00\x00\x00\x00\x00\x00\x00\x00\x00\x00\x00\x00\x00\x00\x00\x00\x00\x00\x00\x00\x00\x00\x00\x00\x00\x00\x00\x00\x00\x00\x00\x00\x00\x00\x00\x00\x00\x00\x00\x00\x00\x00\x00\x00\x00\x00\x00\x00\x00\x00\x00\x00\x00\x00\x00\x00\x00\x00\x00\x00\x00\x00\x00\x00\x00\x00\x00\x00\x00\x00\x00\x00\x00\x00\x00\x00\x00\x00\x00\x00\x00\x00\x00\x00\x00\x00\x00\x00\x00\x00\x00\x00\x00\x00\x00\x00\x00\x00\x00\x00\x00\x00\x00\x00\x00\x00\x00\x00\x00\x00\x00\x00\x00\x00\x00\x00\x00\x00\x00\x00\x00\x00\x00\x00\x00\x00\x00\x00\x00\x00\x00\x00\x00\x00\x00\x00\x00\x00\x00\x00\x00\x00\x00\x00\x00\x00\x00\x00\x00\x00\x00\x00\x00\x00\x00\x00\x00\x00\x00\x00\x00\x00\x00\x00\x00\x00\x00\x00\x00\x00\x00\x00\x00\x00\x00\x00\x00\x00\x00\x00\x00\x00\x00\x00\x00\x00\x00\x00\x00\x00\x00\x00\x00\x00\x00\x00\x00\x00\x00\x00\x00\x00\x00\x00\x00\x00\x00\x00\x00\x00\x00\x00\x00\x00\x00\x00\x00\x00\x00\x00\x00\x00\x00\x00\x00\x00\x00\x00\x00\x00\x00\x00\x00\x00\x00\x00\x00\x00\x00\x00\x00\x00\x00\x00\x00\x00\x00\x00\x00\x00\x00\x00\x00\x00\x00\x00\x00\x00\x00\x00\x00\x00\x00\x00\x00\x00\x00\x00\x00\x00\x00\x00\x00\x00\x00\x00\x00\x00\x00\x00\x00\x00\x00\x00\x00\x00\x00\x00\x00\x00\x00\x00\x00\x00\x00\x00\x00\x00\x00\x00\x00\x00\x00\x00\x00\x00\x00\x00\x00\x00\x00\x00\x00\x00\x00\x00\x00\x00\x00\x00\x00\x00\x00\x00\x00\x00\x00\x00\x00\x00\x00\x00\x00\x00\x00\x00\x00\x00\x00\x00\x00\x00\x00\x00\x00\x00\x00\x00\x00\x00\x00\x00\x00\x00\x00\x00\x00\x00\x00\x00\x00\x00\x00\x00\x00\x00\x00\x00\x00\x00\x00\x00\x00\x00\x00\x00\x00\x00\x00\x00\x00\x00\x00\x00\x00\x00\x00\x00\x00\x00\x00\x00\x00\x00\x00\x00\x00\x00\x00\x00\x00\x00\x00\x00\x00\x00\x00\x00\x00\x00\x00\x00\x00\x00\x00\x00\x00\x00\x00\x00\x00\x00\x00\x00\x00\x00\x00\x00\x00\x00\x00\x00\x00\x00\x00\x00\x00\x00\x00\x00\x00\x00\x00\x00\x00\x00\x00\x00\x00\x00\x00\x00\x00\x00\x00\x00\x00\x00\x00\x00\x00\x00\x00\x00\x00\x00\x00\x00\x00\x00\x00\x00\x00\x00\x00\x00\x00\x00\x00\x00\x00\x00\x00\x00\x00\x00\x00\x00\x00\x00\x00\x00\x00\x00\x00\x00\x00\x00\x00\x00\x00\x00\x00\x00\x00\x00\x00\x00\x00\x00\x00\x00\x00\x00\x00\x00\x00\x00\x00\x00\x00\x00\x00\x00\x00\x00\x00\x00\x00\x00\x00\x00\x00\x00\x00\x00\x00\x00\x00\x00\x00\x00\x00\x00\x00\x00\x00\x00\x00\x00\x00\x00\x00\x00\x00\x00\x00\x00\x00\x00\x00\x00\x00\x00\x00\x00\x00\x00\x00\x00\x00\x00\x00\x00\x00\x00\x00\x00\x00\x00\x00\x00\x00\x00\x00\x00\x00\x00\x00\x00\x00\x00\x00\x00\x00\x00\x00\x00\x00\x00\x00\x00\x00\x00\x00\x00\x00\x00\x00\x00\x00\x00\x00\x00\x00\x00]" time="0.000" /><testcase classname="deployment.jetson.tests.test_transport_frames" name="test_roundtrip_at_the_payload_limit" time="0.001" /><testcase classname="deployment.jetson.tests.test_transport_frames" name="test_every_channel_roundtrips[control]" time="0.000" /><testcase classname="deployment.jetson.tests.test_transport_frames" name="test_every_channel_roundtrips[rate_cmd]" time="0.000" /><testcase classname="deployment.jetson.tests.test_transport_frames" name="test_every_channel_roundtrips[advisory]" time="0.000" /><testcase classname="deployment.jetson.tests.test_transport_frames" name="test_every_channel_roundtrips[gps]" time="0.000" /><testcase classname="deployment.jetson.tests.test_transport_frames" name="test_every_channel_roundtrips[imu]" time="0.000" /><testcase classname="deployment.jetson.tests.test_transport_frames" name="test_every_channel_roundtrips[here]" time="0.000" /><testcase classname="deployment.jetson.tests.test_transport_frames" name="test_every_channel_roundtrips[telemetry]" time="0.000" /><testcase classname="deployment.jetson.tests.test_transport_frames" name="test_every_channel_roundtrips[camera]" time="0.000" /><testcase classname="deployment.jetson.tests.test_transport_frames" name="test_large_integers_survive_exactly" time="0.000" /><testcase classname="deployment.jetson.tests.test_transport_frames" name="test_prefix_is_big_endian_payload_then_header" time="0.000" /><testcase classname="deployment.jetson.tests.test_transport_frames" name="test_header_json_is_canonical" time="0.000" /><testcase classname="deployment.jetson.tests.test_transport_frames" name="test_non_ascii_is_raw_utf8_not_escaped" time="0.000" /><testcase classname="deployment.jetson.tests.test_transport_frames" name="test_declared_n_matches_the_prefix" time="0.000" /><testcase classname="deployment.jetson.tests.test_transport_frames" name="test_encode_refuses_oversize_payload" time="0.000" /><testcase classname="deployment.jetson.tests.test_transport_frames" name="test_encode_refuses_oversize_header" time="0.000" /><testcase classname="deployment.jetson.tests.test_transport_frames" name="test_extension_may_not_shadow_a_reserved_key[ch]" time="0.000" /><testcase classname="deployment.jetson.tests.test_transport_frames" name="test_extension_may_not_shadow_a_reserved_key[seq]" time="0.000" /><testcase classname="deployment.jetson.tests.test_transport_frames" name="test_extension_may_not_shadow_a_reserved_key[t_mono_ns]" time="0.000" /><testcase classname="deployment.jetson.tests.test_transport_frames" name="test_extension_may_not_shadow_a_reserved_key[t_wall_ns]" time="0.000" /><testcase classname="deployment.jetson.tests.test_transport_frames" name="test_extension_may_not_shadow_a_reserved_key[n]" time="0.000" /><testcase classname="deployment.jetson.tests.test_transport_frames" name="test_zero_length_header_refused" time="0.000" /><testcase classname="deployment.jetson.tests.test_transport_frames" name="test_oversize_declared_header_refused" time="0.000" /><testcase classname="deployment.jetson.tests.test_transport_frames" name="test_oversize_declared_payload_refused" time="0.000" /><testcase classname="deployment.jetson.tests.test_transport_frames" name="test_never_asks_for_an_unvalidated_length" time="0.000" /><testcase classname="deployment.jetson.tests.test_transport_frames" name="test_header_not_utf8_refused" time="0.000" /><testcase classname="deployment.jetson.tests.test_transport_frames" name="test_header_not_json_refused" time="0.000" /><testcase classname="deployment.jetson.tests.test_transport_frames" name="test_header_must_be_an_object[header0]" time="0.000" /><testcase classname="deployment.jetson.tests.test_transport_frames" name="test_header_must_be_an_object[text]" time="0.000" /><testcase classname="deployment.jetson.tests.test_transport_frames" name="test_header_must_be_an_object[42]" time="0.000" /><testcase classname="deployment.jetson.tests.test_transport_frames" name="test_header_must_be_an_object[None]" time="0.000" /><testcase classname="deployment.jetson.tests.test_transport_frames" name="test_header_must_be_an_object[True]" time="0.000" /><testcase classname="deployment.jetson.tests.test_transport_frames" name="test_missing_required_key_refused[ch]" time="0.000" /><testcase classname="deployment.jetson.tests.test_transport_frames" name="test_missing_required_key_refused[seq]" time="0.000" /><testcase classname="deployment.jetson.tests.test_transport_frames" name="test_missing_required_key_refused[t_mono_ns]" time="0.000" /><testcase classname="deployment.jetson.tests.test_transport_frames" name="test_missing_required_key_refused[t_wall_ns]" time="0.000" /><testcase classname="deployment.jetson.tests.test_transport_frames" name="test_missing_required_key_refused[n]" time="0.000" /><testcase classname="deployment.jetson.tests.test_transport_frames" name="test_declared_n_disagreeing_with_prefix_refused" time="0.000" /><testcase classname="deployment.jetson.tests.test_transport_frames" name="test_unknown_channel_refused" time="0.000" /><testcase classname="deployment.jetson.tests.test_transport_frames" name="test_non_integer_header_numbers_refused[1-seq]" time="0.000" /><testcase classname="deployment.jetson.tests.test_transport_frames" name="test_non_integer_header_numbers_refused[1-t_mono_ns]" time="0.000" /><testcase classname="deployment.jetson.tests.test_transport_frames" name="test_non_integer_header_numbers_refused[1-t_wall_ns]" time="0.000" /><testcase classname="deployment.jetson.tests.test_transport_frames" name="test_non_integer_header_numbers_refused[1-n]" time="0.000" /><testcase classname="deployment.jetson.tests.test_transport_frames" name="test_non_integer_header_numbers_refused[1.5-seq]" time="0.000" /><testcase classname="deployment.jetson.tests.test_transport_frames" name="test_non_integer_header_numbers_refused[1.5-t_mono_ns]" time="0.000" /><testcase classname="deployment.jetson.tests.test_transport_frames" name="test_non_integer_header_numbers_refused[1.5-t_wall_ns]" time="0.000" /><testcase classname="deployment.jetson.tests.test_transport_frames" name="test_non_integer_header_numbers_refused[1.5-n]" time="0.000" /><testcase classname="deployment.jetson.tests.test_transport_frames" name="test_non_integer_header_numbers_refused[None-seq]" time="0.000" /><testcase classname="deployment.jetson.tests.test_transport_frames" name="test_non_integer_header_numbers_refused[None-t_mono_ns]" time="0.000" /><testcase classname="deployment.jetson.tests.test_transport_frames" name="test_non_integer_header_numbers_refused[None-t_wall_ns]" time="0.000" /><testcase classname="deployment.jetson.tests.test_transport_frames" name="test_non_integer_header_numbers_refused[None-n]" time="0.000" /><testcase classname="deployment.jetson.tests.test_transport_frames" name="test_non_integer_header_numbers_refused[True-seq]" time="0.000" /><testcase classname="deployment.jetson.tests.test_transport_frames" name="test_non_integer_header_numbers_refused[True-t_mono_ns]" time="0.000" /><testcase classname="deployment.jetson.tests.test_transport_frames" name="test_non_integer_header_numbers_refused[True-t_wall_ns]" time="0.000" /><testcase classname="deployment.jetson.tests.test_transport_frames" name="test_non_integer_header_numbers_refused[True-n]" time="0.000" /><testcase classname="deployment.jetson.tests.test_transport_frames" name="test_non_integer_header_numbers_refused[value4-seq]" time="0.000" /><testcase classname="deployment.jetson.tests.test_transport_frames" name="test_non_integer_header_numbers_refused[value4-t_mono_ns]" time="0.000" /><testcase classname="deployment.jetson.tests.test_transport_frames" name="test_non_integer_header_numbers_refused[value4-t_wall_ns]" time="0.000" /><testcase classname="deployment.jetson.tests.test_transport_frames" name="test_non_integer_header_numbers_refused[value4-n]" time="0.000" /><testcase classname="deployment.jetson.tests.test_transport_frames" name="test_short_prefix_refused" time="0.000" /><testcase classname="deployment.jetson.tests.test_transport_frames" name="test_short_header_refused" time="0.000" /><testcase classname="deployment.jetson.tests.test_transport_frames" name="test_short_payload_refused" time="0.000" /><testcase classname="deployment.jetson.tests.test_transport_frames" name="test_trailing_bytes_refused_by_decode" time="0.000" /><testcase classname="deployment.jetson.tests.test_transport_frames" name="test_two_frames_read_in_sequence_from_one_stream" time="0.000" /><testcase classname="deployment.jetson.tests.test_transport_frames" name="test_heartbeat_extension_survives_roundtrip" time="0.000" /><testcase classname="deployment.jetson.tests.test_transport_frames" name="test_non_finite_numbers_are_refused_as_framing_errors[nan]" time="0.000" /><testcase classname="deployment.jetson.tests.test_transport_frames" name="test_non_finite_numbers_are_refused_as_framing_errors[inf]" time="0.000" /><testcase classname="deployment.jetson.tests.test_transport_frames" name="test_non_finite_numbers_are_refused_as_framing_errors[-inf]" time="0.000" /><testcase classname="deployment.jetson.tests.test_transport_frames" name="test_nested_non_finite_numbers_are_refused_too" time="0.000" /><testcase classname="deployment.jetson.tests.test_transport_frames" name="test_unserializable_values_are_refused_as_framing_errors[bytes]" time="0.000" /><testcase classname="deployment.jetson.tests.test_transport_frames" name="test_unserializable_values_are_refused_as_framing_errors[set]" time="0.000" /><testcase classname="deployment.jetson.tests.test_transport_frames" name="test_unserializable_values_are_refused_as_framing_errors[complex]" time="0.000" /><testcase classname="deployment.jetson.tests.test_transport_frames" name="test_unserializable_values_are_refused_as_framing_errors[object]" time="0.000" /><testcase classname="deployment.jetson.tests.test_transport_frames" name="test_a_non_string_header_key_is_refused_as_a_framing_error" time="0.000" /><testcase classname="deployment.jetson.tests.test_transport_frames" name="test_finite_floats_still_encode" time="0.000" /><testcase classname="deployment.jetson.tests.test_transport_frames" name="test_header_at_exactly_the_limit_encodes" time="0.000" /><testcase classname="deployment.jetson.tests.test_transport_frames" name="test_header_one_byte_over_the_limit_is_refused" time="0.000" /><testcase classname="deployment.jetson.tests.test_transport_frames" name="test_a_header_at_the_limit_survives_a_round_trip_through_a_reader" time="0.000" /><testcase classname="deployment.jetson.tests.test_transport_frames" name="test_a_bare_non_json_literal_in_the_header_is_a_framing_error[NaN]" time="0.000" /><testcase classname="deployment.jetson.tests.test_transport_frames" name="test_a_bare_non_json_literal_in_the_header_is_a_framing_error[Infinity]" time="0.000" /><testcase classname="deployment.jetson.tests.test_transport_frames" name="test_a_bare_non_json_literal_in_the_header_is_a_framing_error[-Infinity]" time="0.000" /><testcase classname="deployment.jetson.tests.test_transport_frames" name="test_a_quoted_nan_is_still_just_a_string" time="0.000" /><testcase classname="deployment.jetson.tests.test_transport_frames" name="test_the_rest_of_the_non_json_class_is_also_a_framing_error[&quot;speed_mps&quot;:1e999-a float literal that overflows to infinity]" time="0.000" /><testcase classname="deployment.jetson.tests.test_transport_frames" name="test_the_rest_of_the_non_json_class_is_also_a_framing_error[&quot;seq&quot;:9223372036854775808-an integer past signed 64-bit]" time="0.000" /><testcase classname="deployment.jetson.tests.test_transport_frames" name="test_the_rest_of_the_non_json_class_is_also_a_framing_error[&quot;a&quot;:1,&quot;a&quot;:2-a repeated key]" time="0.000" /><testcase classname="deployment.jetson.tests.test_transport_frames" name="test_the_legitimate_edges_of_each_guard_still_decode" time="0.000" /><testcase classname="deployment.jetson.tests.test_transport_frames" name="test_an_integer_this_reader_would_refuse_is_not_encodable[header0]" time="0.000" /><testcase classname="deployment.jetson.tests.test_transport_frames" name="test_an_integer_this_reader_would_refuse_is_not_encodable[header1]" time="0.000" /><testcase classname="deployment.jetson.tests.test_transport_frames" name="test_an_integer_this_reader_would_refuse_is_not_encodable[header2]" time="0.000" /><testcase classname="deployment.jetson.tests.test_transport_frames" name="test_an_integer_this_reader_would_refuse_is_not_encodable[header3]" time="0.000" /><testcase classname="deployment.jetson.tests.test_transport_frames" name="test_the_widest_values_the_protocol_carries_still_encode" time="0.000" /><testcase classname="deployment.jetson.tests.test_transport_golden" name="test_the_file_is_for_this_protocol_version" time="0.000" /><testcase classname="deployment.jetson.tests.test_transport_golden" name="test_the_file_declares_itself_frozen" time="0.000" /><testcase classname="deployment.jetson.tests.test_transport_golden" name="test_case_names_are_unique" time="0.000" /><testcase classname="deployment.jetson.tests.test_transport_golden" name="test_the_payload_generator_is_reproducible_from_its_description" time="0.000" /><testcase classname="deployment.jetson.tests.test_transport_golden" name="test_the_required_categories_are_covered" time="0.000" /><testcase classname="deployment.jetson.tests.test_transport_golden" name="test_encodes_to_exactly_the_recorded_bytes[empty_payload]" time="0.000" /><testcase classname="deployment.jetson.tests.test_transport_golden" name="test_encodes_to_exactly_the_recorded_bytes[typical_jpeg]" time="0.000" /><testcase classname="deployment.jetson.tests.test_transport_golden" name="test_encodes_to_exactly_the_recorded_bytes[max_payload]" time="0.002" /><testcase classname="deployment.jetson.tests.test_transport_golden" name="test_encodes_to_exactly_the_recorded_bytes[non_ascii_extension]" time="0.000" /><testcase classname="deployment.jetson.tests.test_transport_golden" name="test_encodes_to_exactly_the_recorded_bytes[large_ints]" time="0.000" /><testcase classname="deployment.jetson.tests.test_transport_golden" name="test_encodes_to_exactly_the_recorded_bytes[nested_unsorted_extension]" time="0.000" /><testcase classname="deployment.jetson.tests.test_transport_golden" name="test_encodes_to_exactly_the_recorded_bytes[hello]" time="0.000" /><testcase classname="deployment.jetson.tests.test_transport_golden" name="test_encodes_to_exactly_the_recorded_bytes[heartbeat]" time="0.000" /><testcase classname="deployment.jetson.tests.test_transport_golden" name="test_encodes_to_exactly_the_recorded_bytes[message_time_sync_ping]" time="0.000" /><testcase classname="deployment.jetson.tests.test_transport_golden" name="test_encodes_to_exactly_the_recorded_bytes[message_time_sync_pong]" time="0.000" /><testcase classname="deployment.jetson.tests.test_transport_golden" name="test_encodes_to_exactly_the_recorded_bytes[message_camera]" time="0.000" /><testcase classname="deployment.jetson.tests.test_transport_golden" name="test_encodes_to_exactly_the_recorded_bytes[message_gps_full]" time="0.000" /><testcase classname="deployment.jetson.tests.test_transport_golden" name="test_encodes_to_exactly_the_recorded_bytes[message_gps_all_null]" time="0.000" /><testcase classname="deployment.jetson.tests.test_transport_golden" name="test_encodes_to_exactly_the_recorded_bytes[message_imu]" time="0.000" /><testcase classname="deployment.jetson.tests.test_transport_golden" name="test_encodes_to_exactly_the_recorded_bytes[message_here]" time="0.000" /><testcase classname="deployment.jetson.tests.test_transport_golden" name="test_encodes_to_exactly_the_recorded_bytes[message_advisory]" time="0.000" /><testcase classname="deployment.jetson.tests.test_transport_golden" name="test_encodes_to_exactly_the_recorded_bytes[message_rate_cmd]" time="0.000" /><testcase classname="deployment.jetson.tests.test_transport_golden" name="test_encodes_to_exactly_the_recorded_bytes[message_rate_cmd_with_here]" time="0.000" /><testcase classname="deployment.jetson.tests.test_transport_golden" name="test_encodes_to_exactly_the_recorded_bytes[message_telemetry]" time="0.000" /><testcase classname="deployment.jetson.tests.test_transport_golden" name="test_header_bytes_match_exactly[empty_payload]" time="0.000" /><testcase classname="deployment.jetson.tests.test_transport_golden" name="test_header_bytes_match_exactly[typical_jpeg]" time="0.000" /><testcase classname="deployment.jetson.tests.test_transport_golden" name="test_header_bytes_match_exactly[max_payload]" time="0.000" /><testcase classname="deployment.jetson.tests.test_transport_golden" name="test_header_bytes_match_exactly[non_ascii_extension]" time="0.000" /><testcase classname="deployment.jetson.tests.test_transport_golden" name="test_header_bytes_match_exactly[large_ints]" time="0.000" /><testcase classname="deployment.jetson.tests.test_transport_golden" name="test_header_bytes_match_exactly[nested_unsorted_extension]" time="0.000" /><testcase classname="deployment.jetson.tests.test_transport_golden" name="test_header_bytes_match_exactly[hello]" time="0.000" /><testcase classname="deployment.jetson.tests.test_transport_golden" name="test_header_bytes_match_exactly[heartbeat]" time="0.000" /><testcase classname="deployment.jetson.tests.test_transport_golden" name="test_header_bytes_match_exactly[message_time_sync_ping]" time="0.000" /><testcase classname="deployment.jetson.tests.test_transport_golden" name="test_header_bytes_match_exactly[message_time_sync_pong]" time="0.000" /><testcase classname="deployment.jetson.tests.test_transport_golden" name="test_header_bytes_match_exactly[message_camera]" time="0.000" /><testcase classname="deployment.jetson.tests.test_transport_golden" name="test_header_bytes_match_exactly[message_gps_full]" time="0.000" /><testcase classname="deployment.jetson.tests.test_transport_golden" name="test_header_bytes_match_exactly[message_gps_all_null]" time="0.000" /><testcase classname="deployment.jetson.tests.test_transport_golden" name="test_header_bytes_match_exactly[message_imu]" time="0.000" /><testcase classname="deployment.jetson.tests.test_transport_golden" name="test_header_bytes_match_exactly[message_here]" time="0.000" /><testcase classname="deployment.jetson.tests.test_transport_golden" name="test_header_bytes_match_exactly[message_advisory]" time="0.000" /><testcase classname="deployment.jetson.tests.test_transport_golden" name="test_header_bytes_match_exactly[message_rate_cmd]" time="0.000" /><testcase classname="deployment.jetson.tests.test_transport_golden" name="test_header_bytes_match_exactly[message_rate_cmd_with_here]" time="0.000" /><testcase classname="deployment.jetson.tests.test_transport_golden" name="test_header_bytes_match_exactly[message_telemetry]" time="0.000" /><testcase classname="deployment.jetson.tests.test_transport_golden" name="test_decodes_back_to_the_recorded_fields[empty_payload]" time="0.000" /><testcase classname="deployment.jetson.tests.test_transport_golden" name="test_decodes_back_to_the_recorded_fields[typical_jpeg]" time="0.000" /><testcase classname="deployment.jetson.tests.test_transport_golden" name="test_decodes_back_to_the_recorded_fields[max_payload]" time="0.001" /><testcase classname="deployment.jetson.tests.test_transport_golden" name="test_decodes_back_to_the_recorded_fields[non_ascii_extension]" time="0.000" /><testcase classname="deployment.jetson.tests.test_transport_golden" name="test_decodes_back_to_the_recorded_fields[large_ints]" time="0.000" /><testcase classname="deployment.jetson.tests.test_transport_golden" name="test_decodes_back_to_the_recorded_fields[nested_unsorted_extension]" time="0.000" /><testcase classname="deployment.jetson.tests.test_transport_golden" name="test_decodes_back_to_the_recorded_fields[hello]" time="0
[...]
delay_is_actually_set_on_a_dialled_connection" time="0.001" /><testcase classname="deployment.jetson.tests.test_transport_tcp" name="test_a_dialled_socket_has_no_read_deadline" time="0.001" /><testcase classname="deployment.jetson.tests.test_transport_tcp" name="test_options_can_be_skipped" time="0.000" /><testcase classname="deployment.jetson.tests.test_transport_tcp" name="test_a_reset_reads_as_the_peer_going_away" time="0.001" /><testcase classname="deployment.jetson.tests.test_transport_tcp" name="test_a_reset_ends_a_session_as_peer_closed" time="0.013" /><testcase classname="deployment.jetson.tests.test_transport_tcp" name="test_the_mapped_errno_set_is_exactly_the_confirmed_list" time="0.000" /><testcase classname="deployment.jetson.tests.test_transport_tcp" name="test_a_peer_gone_errno_becomes_connection_closed[ECONNRESET]" time="0.001" /><testcase classname="deployment.jetson.tests.test_transport_tcp" name="test_a_peer_gone_errno_becomes_connection_closed[EPIPE]" time="0.000" /><testcase classname="deployment.jetson.tests.test_transport_tcp" name="test_a_peer_gone_errno_becomes_connection_closed[ECONNABORTED]" time="0.001" /><testcase classname="deployment.jetson.tests.test_transport_tcp" name="test_a_peer_gone_errno_becomes_connection_closed[ENOTCONN]" time="0.000" /><testcase classname="deployment.jetson.tests.test_transport_tcp" name="test_a_peer_gone_errno_becomes_connection_closed[ESHUTDOWN]" time="0.000" /><testcase classname="deployment.jetson.tests.test_transport_tcp" name="test_a_local_failure_stays_an_oserror[ENOBUFS]" time="0.001" /><testcase classname="deployment.jetson.tests.test_transport_tcp" name="test_a_local_failure_stays_an_oserror[EHOSTUNREACH]" time="0.000" /><testcase classname="deployment.jetson.tests.test_transport_tcp" name="test_a_local_failure_stays_an_oserror[ENOMEM]" time="0.001" /><testcase classname="deployment.jetson.tests.test_transport_tcp" name="test_a_local_failure_stays_an_oserror[EACCES]" time="0.001" /><testcase classname="deployment.jetson.tests.test_transport_tcp" name="test_retryable_accept_errnos_are_disjoint_from_fatal_ones" time="0.001" /><testcase classname="deployment.jetson.tests.test_transport_tcp" name="test_a_retryable_accept_failure_does_not_kill_the_acceptor[ECONNABORTED]" time="0.002" /><testcase classname="deployment.jetson.tests.test_transport_tcp" name="test_a_retryable_accept_failure_does_not_kill_the_acceptor[EINTR]" time="0.002" /><testcase classname="deployment.jetson.tests.test_transport_tcp" name="test_a_retryable_accept_failure_does_not_kill_the_acceptor[EMFILE]" time="0.053" /><testcase classname="deployment.jetson.tests.test_transport_tcp" name="test_a_fatal_accept_failure_still_propagates_as_an_oserror" time="0.001" /><testcase classname="deployment.jetson.tests.test_transport_tcp" name="test_a_retry_respects_the_accept_deadline" time="0.302" /><testcase classname="deployment.jetson.tests.test_transport_tcp" name="test_a_session_runs_end_to_end_over_a_real_socket" time="0.024" /><testcase classname="deployment.jetson.tests.test_transport_tcp" name="test_a_silent_phone_is_reaped_over_a_real_socket" time="0.421" /><testcase classname="deployment.jetson.tests.test_transport_tcp" name="test_displacement_works_over_a_real_socket" time="0.003" /><testcase classname="deployment.jetson.tests.test_transport_tcp" name="test_fifty_connect_disconnect_cycles_leak_no_descriptors" time="0.007" /><testcase classname="deployment.jetson.tests.test_transport_tcp" name="test_the_acceptor_shuts_its_socket_down_before_closing_it" time="0.001" /><testcase classname="deployment.jetson.tests.test_transport_tcp" name="test_the_acceptor_still_closes_when_shutdown_is_refused" time="0.001" /><testcase classname="deployment.jetson.tests.test_transport_tcp" name="test_a_retry_storm_does_not_become_a_busy_spin" time="0.201" /><testcase classname="deployment.jetson.tests.test_transport_tcp" name="test_a_transient_pause_never_outlives_the_deadline[0.01]" time="0.015" /><testcase classname="deployment.jetson.tests.test_transport_tcp" name="test_a_transient_pause_never_outlives_the_deadline[0.05]" time="0.057" /><testcase classname="deployment.jetson.tests.test_transport_tcp" name="test_the_transient_branch_pauses_at_all" time="0.254" /><testcase classname="deployment.jetson.tests.test_transport_tcp" name="test_retries_are_counted_per_errno_and_consecutively" time="0.204" /><testcase classname="deployment.jetson.tests.test_transport_tcp" name="test_a_successful_accept_resets_the_consecutive_count" time="0.008" /><testcase classname="deployment.jetson.tests.test_transport_tcp" name="test_a_close_during_a_retry_ends_the_accept_cleanly" time="0.165" /><testcase classname="deployment.jetson.tests.test_transport_tcp" name="test_a_settimeout_failure_is_classified_like_any_other" time="0.001" /><testcase classname="deployment.jetson.tests.test_transport_tcp" name="test_a_settimeout_failure_while_open_propagates_as_an_oserror" time="0.001" /><testcase classname="deployment.jetson.tests.test_transport_tcp" name="test_a_late_arriving_failure_still_respects_the_deadline[0.05-0.045]" time="0.052" /><testcase classname="deployment.jetson.tests.test_transport_tcp" name="test_a_late_arriving_failure_still_respects_the_deadline[0.1-0.095]" time="0.103" /><testcase classname="deployment.jetson.tests.test_transport_tcp" name="test_the_error_span_is_recorded_not_just_the_high_water_mark" time="0.203" /><testcase classname="deployment.jetson.tests.test_transport_tcp" name="test_stats_is_callable_while_accepts_are_failing" time="0.056" /><testcase classname="deployment.jetson.tests.test_transport_tcp" name="test_close_is_noticed_within_one_internal_accept_poll" time="0.206" /><testcase classname="deployment.jetson.tests.test_transport_tcp" name="test_a_timed_accept_still_honours_its_own_timeout" time="0.303" /><testcase classname="deployment.jetson.tests.test_transport_tcp" name="test_a_blocking_accept_is_released_by_close" time="0.206" /><testcase classname="deployment.jetson.tests.test_transport_timebase" name="test_a_symmetric_exchange_recovers_the_offset_exactly" time="0.001" /><testcase classname="deployment.jetson.tests.test_transport_timebase" name="test_the_round_trip_excludes_the_responders_service_time" time="0.000" /><testcase classname="deployment.jetson.tests.test_transport_timebase" name="test_the_asymmetry_is_exactly_half_the_delay_difference" time="0.001" /><testcase classname="deployment.jetson.tests.test_transport_timebase" name="test_the_estimator_recovers_a_planted_offset_within_its_own_bound" time="0.003" /><testcase classname="deployment.jetson.tests.test_transport_timebase" name="test_the_bound_holds_across_seeds[0]" time="0.002" /><testcase classname="deployment.jetson.tests.test_transport_timebase" name="test_the_bound_holds_across_seeds[1]" time="0.002" /><testcase classname="deployment.jetson.tests.test_transport_timebase" name="test_the_bound_holds_across_seeds[2]" time="0.002" /><testcase classname="deployment.jetson.tests.test_transport_timebase" name="test_the_bound_holds_across_seeds[3]" time="0.002" /><testcase classname="deployment.jetson.tests.test_transport_timebase" name="test_the_bound_holds_across_seeds[4]" time="0.002" /><testcase classname="deployment.jetson.tests.test_transport_timebase" name="test_the_bound_holds_across_seeds[5]" time="0.002" /><testcase classname="deployment.jetson.tests.test_transport_timebase" name="test_the_bound_holds_across_seeds[6]" time="0.002" /><testcase classname="deployment.jetson.tests.test_transport_timebase" name="test_the_bound_holds_across_seeds[7]" time="0.002" /><testcase classname="deployment.jetson.tests.test_transport_timebase" name="test_the_bound_holds_across_seeds[8]" time="0.001" /><testcase classname="deployment.jetson.tests.test_transport_timebase" name="test_the_bound_holds_across_seeds[9]" time="0.002" /><testcase classname="deployment.jetson.tests.test_transport_timebase" name="test_the_bound_holds_across_seeds[10]" time="0.001" /><testcase classname="deployment.jetson.tests.test_transport_timebase" name="test_the_bound_holds_across_seeds[11]" time="0.001" /><testcase classname="deployment.jetson.tests.test_transport_timebase" name="test_the_minimum_filter_beats_an_average_on_this_delay_shape" time="0.002" /><testcase classname="deployment.jetson.tests.test_transport_timebase" name="test_under_a_light_tail_the_minimum_and_the_median_tie" time="0.002" /><testcase classname="deployment.jetson.tests.test_transport_timebase" name="test_a_one_way_asymmetry_biases_the_estimate_but_cannot_escape_the_bound" time="0.001" /><testcase classname="deployment.jetson.tests.test_transport_timebase" name="test_a_samples_error_never_exceeds_half_its_own_round_trip[0]" time="0.001" /><testcase classname="deployment.jetson.tests.test_transport_timebase" name="test_a_samples_error_never_exceeds_half_its_own_round_trip[1]" time="0.001" /><testcase classname="deployment.jetson.tests.test_transport_timebase" name="test_a_samples_error_never_exceeds_half_its_own_round_trip[2]" time="0.001" /><testcase classname="deployment.jetson.tests.test_transport_timebase" name="test_a_samples_error_never_exceeds_half_its_own_round_trip[3]" time="0.001" /><testcase classname="deployment.jetson.tests.test_transport_timebase" name="test_a_samples_error_never_exceeds_half_its_own_round_trip[4]" time="0.001" /><testcase classname="deployment.jetson.tests.test_transport_timebase" name="test_a_samples_error_never_exceeds_half_its_own_round_trip[5]" time="0.001" /><testcase classname="deployment.jetson.tests.test_transport_timebase" name="test_a_samples_error_never_exceeds_half_its_own_round_trip[6]" time="0.001" /><testcase classname="deployment.jetson.tests.test_transport_timebase" name="test_a_samples_error_never_exceeds_half_its_own_round_trip[7]" time="0.001" /><testcase classname="deployment.jetson.tests.test_transport_timebase" name="test_skew_is_withheld_until_the_baseline_can_resolve_it" time="0.001" /><testcase classname="deployment.jetson.tests.test_transport_timebase" name="test_skew_is_recovered_with_the_right_sign_and_size_over_a_long_baseline" time="0.022" /><testcase classname="deployment.jetson.tests.test_transport_timebase" name="test_a_negative_skew_is_recovered_as_negative" time="0.019" /><testcase classname="deployment.jetson.tests.test_transport_timebase" name="test_correcting_for_skew_beats_ignoring_it_over_a_drive" time="0.017" /><testcase classname="deployment.jetson.tests.test_transport_timebase" name="test_fit_skew_refuses_too_few_samples_and_too_short_a_baseline" time="0.000" /><testcase classname="deployment.jetson.tests.test_transport_timebase" name="test_the_baseline_guard_has_no_live_path_and_the_arithmetic_says_why" time="0.000" /><testcase classname="deployment.jetson.tests.test_transport_timebase" name="test_the_fit_survives_raw_monotonic_magnitudes" time="0.001" /><testcase classname="deployment.jetson.tests.test_transport_timebase" name="test_conversion_refuses_before_any_sample_arrives" time="0.000" /><testcase classname="deployment.jetson.tests.test_transport_timebase" name="test_conversion_refuses_below_the_minimum_sample_count" time="0.000" /><testcase classname="deployment.jetson.tests.test_transport_timebase" name="test_conversion_refuses_once_the_newest_sample_goes_stale" time="0.000" /><testcase classname="deployment.jetson.tests.test_transport_timebase" name="test_conversion_refuses_when_the_best_round_trip_is_too_slow" time="0.000" /><testcase classname="deployment.jetson.tests.test_transport_timebase" name="test_a_negative_round_trip_is_refused_and_counted" time="0.000" /><testcase classname="deployment.jetson.tests.test_transport_timebase" name="test_every_gate_clause_names_a_different_cause" time="0.000" /><testcase classname="deployment.jetson.tests.test_transport_timebase" name="test_the_bound_grows_with_extrapolation_from_the_reference" time="0.000" /><testcase classname="deployment.jetson.tests.test_transport_timebase" name="test_an_unmeasured_skew_is_charged_at_the_assumed_rate_not_at_zero" time="0.000" /><testcase classname="deployment.jetson.tests.test_transport_timebase" name="test_there_is_no_way_to_get_a_converted_instant_without_its_bound" time="0.000" /><testcase classname="deployment.jetson.tests.test_transport_timebase" name="test_reading_the_estimate_directly_is_the_documented_escape_hatch" time="0.000" /><testcase classname="deployment.jetson.tests.test_transport_timebase" name="test_a_converted_value_does_not_change_when_the_estimate_improves" time="0.001" /><testcase classname="deployment.jetson.tests.test_transport_timebase" name="test_an_offline_reader_can_re_derive_a_conversion_that_needed_the_skew_term" time="0.017" /><testcase classname="deployment.jetson.tests.test_transport_timebase" name="test_the_history_records_every_published_estimate_in_order" time="0.000" /><testcase classname="deployment.jetson.tests.test_transport_timebase" name="test_the_record_is_json_serialisable_and_says_why_it_is_unusable" time="0.000" /><testcase classname="deployment.jetson.tests.test_transport_timebase" name="test_a_sample_older_than_the_skew_window_is_dropped_entirely" time="0.000" /><testcase classname="deployment.jetson.tests.test_transport_timebase" name="test_the_skew_fit_spans_more_time_than_the_offset_window" time="0.008" /><testcase classname="deployment.jetson.tests.test_transport_timebase" name="test_the_responder_echoes_receipt_and_the_pings_wire_stamp" time="0.000" /><testcase classname="deployment.jetson.tests.test_transport_timebase" name="test_a_responder_refuses_a_pong" time="0.000" /><testcase classname="deployment.jetson.tests.test_transport_timebase" name="test_an_initiator_refuses_a_ping" time="0.000" /><testcase classname="deployment.jetson.tests.test_transport_timebase" name="test_an_unmatched_pong_is_counted_not_used" time="0.000" /><testcase classname="deployment.jetson.tests.test_transport_timebase" name="test_a_peer_that_never_stamped_the_ping_is_named_not_misdiagnosed" time="0.000" /><testcase classname="deployment.jetson.tests.test_transport_timebase" name="test_the_cadence_starts_fast_and_settles" time="0.000" /><testcase classname="deployment.jetson.tests.test_transport_timebase" name="test_the_exchange_completes_over_a_real_session_and_produces_an_estimate" time="0.002" /><testcase classname="deployment.jetson.tests.test_transport_timebase" name="test_every_timebase_constant_in_the_spec_matches_the_code" time="0.000" /><testcase classname="deployment.jetson.tests.test_transport_timebase" name="test_the_spec_documents_the_baseline_the_bucket_count_guarantees" time="0.000" /><testcase classname="deployment.jetson.tests.test_transport_timebase" name="test_the_spec_states_the_conversion_formula_and_the_extrapolation_refusal" time="0.000" /><testcase classname="deployment.jetson.tests.test_transport_timebase" name="test_the_spec_records_both_ordering_requirements" time="0.000" /><testcase classname="deployment.jetson.tests.test_transport_timebase" name="test_a_remote_departure_before_its_own_receipt_is_refused" time="0.000" /><testcase classname="deployment.jetson.tests.test_transport_timebase" name="test_a_local_arrival_before_its_own_departure_is_refused" time="0.000" /><testcase classname="deployment.jetson.tests.test_transport_timebase" name="test_a_round_trip_past_the_admission_ceiling_is_refused" time="0.000" /><testcase classname="deployment.jetson.tests.test_transport_timebase" name="test_the_admission_ceiling_and_the_gate_ceiling_are_both_reachable" time="0.000" /><testcase classname="deployment.jetson.tests.test_transport_timebase" name="test_the_drift_charge_covers_a_fit_that_is_entirely_asymmetry" time="0.016" /><testcase classname="deployment.jetson.tests.test_transport_timebase" name="test_the_drift_charge_adds_the_fitted_slope_to_the_assumed_range" time="0.000" /><testcase classname="deployment.jetson.tests.test_transport_timebase" name="test_the_bound_holds_when_the_fitted_slope_has_the_wrong_sign" time="0.016" /><testcase classname="deployment.jetson.tests.test_transport_timebase" name="test_conversion_refuses_to_reach_beyond_what_the_samples_support" time="0.000" /><testcase classname="deployment.jetson.tests.test_transport_timebase" name="test_the_bound_covers_an_odd_round_trip" time="0.000" /><testcase classname="deployment.jetson.tests.test_transport_timebase" name="test_t4_is_the_transports_arrival_stamp_not_a_later_reading" time="0.000" /><testcase classname="deployment.jetson.tests.test_transport_timebase" name="test_a_ping_the_router_refused_is_not_counted_as_sent" time="0.000" /><testcase classname="deployment.jetson.tests.test_transport_timebase" name="test_an_unanswered_exchange_expires_instead_of_leaking" time="0.000" /><testcase classname="deployment.jetson.tests.test_transport_timebase" name="test_the_history_is_bounded_and_says_what_it_dropped" time="3.715" /><testcase classname="deployment.jetson.tests.test_transport_timebase" name="test_the_gate_and_the_estimate_come_from_one_lock_acquisition" time="0.000" /><testcase classname="deployment.jetson.tests.test_transport_timebase" name="test_a_conversion_cites_an_estimate_that_would_itself_have_passed_the_gate" time="0.000" /><testcase classname="deployment.jetson.tests.test_transport_timebase" name="test_every_typed_message_is_a_member_of_the_message_union" time="0.000" /><testcase classname="deployment.jetson.tests.test_transport_timebase" name="test_a_stray_pong_and_a_late_pong_are_counted_apart" time="0.000" /><testcase classname="deployment.jetson.tests.test_transport_timebase" name="test_a_pong_the_estimator_refuses_is_counted_by_the_initiator_too" time="0.000" /><testcase classname="deployment.jetson.tests.test_transport_timebase" name="test_recv_with_receipt_skips_a_malformed_record_like_recv_does" time="0.012" /><testcase classname="deployment.jetson.tests.test_transport_timebase" name="test_recv_and_recv_with_receipt_are_one_implementation" time="0.000" /><testcase classname="deployment.jetson.tests.test_transport_timebase" name="test_the_spec_fixes_both_rounding_rules" time="0.000" /><testcase classname="deployment.jetson.tests.test_transport_timebase" name="test_the_drift_term_rounds_ties_to_even_as_the_spec_says" time="0.000" /><testcase classname="deployment.jetson.tests.test_transport_timebase" name="test_the_spec_states_the_admission_rule_and_the_extrapolation_number" time="0.000" /><testcase classname="deployment.jetson.tests.test_transport_timebase" name="test_the_expiry_sweep_tolerates_an_entry_vanishing_under_it" time="0.000" /><testcase classname="deployment.jetson.tests.test_transport_timebase" name="test_the_spec_states_the_drift_charge_in_its_additive_form" time="0.000" /><testcase classname="deployment.jetson.tests.test_transport_timebase" name="test_a_matched_exchange_is_not_recorded_as_timed_out" time="0.000" /><testcase classname="deployment.jetson.tests.test_transport_timebase" name="test_the_timed_out_id_set_is_pruned" time="0.000" /><testcase classname="deployment.jetson.tests.test_transport_timebase" name="test_answer_ping_cannot_be_given_a_locally_read_stamp" time="0.000" /><testcase classname="deployment.jetson.tests.test_transport_timebase" name="test_both_halves_of_the_peer_receipt_come_from_one_instant" time="0.000" /><testcase classname="deployment.jetson.tests.test_transport_timebase" name="test_the_record_publishes_the_bound_as_it_stands" time="0.000" /><testcase classname="deployment.jetson.tests.test_transport_timebase" name="test_the_spec_says_the_gate_does_not_limit_the_bound" time="0.000" /><testcase classname="deployment.jetson.tests.test_transport_timebase" name="test_to_local_inverts_to_remote_exactly_including_the_skew_term" time="0.017" /><testcase classname="deployment.jetson.tests.test_transport_timebase" name="test_to_local_refuses_when_the_gate_is_closed" time="0.000" /><testcase classname="deployment.jetson.tests.test_transport_timebase" name="test_to_local_refuses_beyond_the_extrapolation_limit" time="0.000" /></testsuite></testsuites>